Start testing: Oct 09 15:17 CEST
----------------------------------------------------------
1/19 Testing: TestUtilsUnitTests
1/19 Test: TestUtilsUnitTests
Command: "/home/mi/johnwhittake/software/gromacs-510-fcDelta/build/bin/testutils-test" "--gtest_output=xml:/home/mi/johnwhittake/software/gromacs-510-fcDelta/build/Testing/Temporary/TestUtilsUnitTests.xml"
Directory: /home/mi/johnwhittake/software/gromacs-510-fcDelta/build/src/testutils/tests
"TestUtilsUnitTests" start time: Oct 09 15:17 CEST
Output:
----------------------------------------------------------
[==========] Running 23 tests from 3 test cases.
[----------] Global test environment set-up.
[----------] 13 tests from ReferenceDataTest
[ RUN      ] ReferenceDataTest.HandlesSimpleData
[       OK ] ReferenceDataTest.HandlesSimpleData (3 ms)
[ RUN      ] ReferenceDataTest.HandlesFloatingPointData
[       OK ] ReferenceDataTest.HandlesFloatingPointData (3 ms)
[ RUN      ] ReferenceDataTest.HandlesPresenceChecks
[       OK ] ReferenceDataTest.HandlesPresenceChecks (2 ms)
[ RUN      ] ReferenceDataTest.HandlesStringBlockData
[       OK ] ReferenceDataTest.HandlesStringBlockData (3 ms)
[ RUN      ] ReferenceDataTest.HandlesVectorData
[       OK ] ReferenceDataTest.HandlesVectorData (3 ms)
[ RUN      ] ReferenceDataTest.HandlesSequenceData
[       OK ] ReferenceDataTest.HandlesSequenceData (2 ms)
[ RUN      ] ReferenceDataTest.HandlesIncorrectData
[       OK ] ReferenceDataTest.HandlesIncorrectData (3 ms)
[ RUN      ] ReferenceDataTest.HandlesMissingData
[       OK ] ReferenceDataTest.HandlesMissingData (2 ms)
[ RUN      ] ReferenceDataTest.HandlesMissingReferenceDataFile
[       OK ] ReferenceDataTest.HandlesMissingReferenceDataFile (1 ms)
[ RUN      ] ReferenceDataTest.HandlesSpecialCharactersInStrings
[       OK ] ReferenceDataTest.HandlesSpecialCharactersInStrings (2 ms)
[ RUN      ] ReferenceDataTest.HandlesSequenceItemIndices
[       OK ] ReferenceDataTest.HandlesSequenceItemIndices (3 ms)
[ RUN      ] ReferenceDataTest.HandlesMultipleChecksAgainstSameData
[       OK ] ReferenceDataTest.HandlesMultipleChecksAgainstSameData (2 ms)
[ RUN      ] ReferenceDataTest.HandlesMultipleNullIds
[       OK ] ReferenceDataTest.HandlesMultipleNullIds (3 ms)
[----------] 13 tests from ReferenceDataTest (32 ms total)

[----------] 7 tests from FloatingPointDifferenceTest
[ RUN      ] FloatingPointDifferenceTest.HandlesEqualValues
[       OK ] FloatingPointDifferenceTest.HandlesEqualValues (0 ms)
[ RUN      ] FloatingPointDifferenceTest.HandlesFloatValues
[       OK ] FloatingPointDifferenceTest.HandlesFloatValues (0 ms)
[ RUN      ] FloatingPointDifferenceTest.HandlesZerosOfDifferentSign
[       OK ] FloatingPointDifferenceTest.HandlesZerosOfDifferentSign (0 ms)
[ RUN      ] FloatingPointDifferenceTest.HandlesSignComparisonWithZero
[       OK ] FloatingPointDifferenceTest.HandlesSignComparisonWithZero (0 ms)
[ RUN      ] FloatingPointDifferenceTest.HandlesUlpDifferences
[       OK ] FloatingPointDifferenceTest.HandlesUlpDifferences (0 ms)
[ RUN      ] FloatingPointDifferenceTest.HandlesUlpDifferenceAcrossZero
[       OK ] FloatingPointDifferenceTest.HandlesUlpDifferenceAcrossZero (0 ms)
[ RUN      ] FloatingPointDifferenceTest.HandlesNaN
[       OK ] FloatingPointDifferenceTest.HandlesNaN (0 ms)
[----------] 7 tests from FloatingPointDifferenceTest (0 ms total)

[----------] 3 tests from FloatingPointToleranceTest
[ RUN      ] FloatingPointToleranceTest.UlpTolerance
[       OK ] FloatingPointToleranceTest.UlpTolerance (0 ms)
[ RUN      ] FloatingPointToleranceTest.RelativeToleranceAsFloatingPoint
[       OK ] FloatingPointToleranceTest.RelativeToleranceAsFloatingPoint (0 ms)
[ RUN      ] FloatingPointToleranceTest.RelativeToleranceAsUlp
[       OK ] FloatingPointToleranceTest.RelativeToleranceAsUlp (0 ms)
[----------] 3 tests from FloatingPointToleranceTest (0 ms total)

[----------] Global test environment tear-down
[==========] 23 tests from 3 test cases ran. (32 ms total)
[  PASSED  ] 23 tests.
<end of output>
Test time =   0.19 sec
----------------------------------------------------------
Test Passed.
"TestUtilsUnitTests" end time: Oct 09 15:17 CEST
"TestUtilsUnitTests" time elapsed: 00:00:00
----------------------------------------------------------

2/19 Testing: MdlibUnitTest
2/19 Test: MdlibUnitTest
Command: "/home/mi/johnwhittake/software/gromacs-510-fcDelta/build/bin/mdlib-test" "--gtest_output=xml:/home/mi/johnwhittake/software/gromacs-510-fcDelta/build/Testing/Temporary/MdlibUnitTest.xml"
Directory: /home/mi/johnwhittake/software/gromacs-510-fcDelta/build/src/gromacs/mdlib/tests
"MdlibUnitTest" start time: Oct 09 15:17 CEST
Output:
----------------------------------------------------------
[==========] Running 4 tests from 1 test case.
[----------] Global test environment set-up.
[----------] 4 tests from ShakeTest
[ RUN      ] ShakeTest.ConstrainsOneBond
[       OK ] ShakeTest.ConstrainsOneBond (11 ms)
[ RUN      ] ShakeTest.ConstrainsTwoDisjointBonds
[       OK ] ShakeTest.ConstrainsTwoDisjointBonds (0 ms)
[ RUN      ] ShakeTest.ConstrainsTwoBondsWithACommonAtom
[       OK ] ShakeTest.ConstrainsTwoBondsWithACommonAtom (0 ms)
[ RUN      ] ShakeTest.ConstrainsThreeBondsWithCommonAtoms
[       OK ] ShakeTest.ConstrainsThreeBondsWithCommonAtoms (0 ms)
[----------] 4 tests from ShakeTest (11 ms total)

[----------] Global test environment tear-down
[==========] 4 tests from 1 test case ran. (11 ms total)
[  PASSED  ] 4 tests.
<end of output>
Test time =   0.03 sec
----------------------------------------------------------
Test Passed.
"MdlibUnitTest" end time: Oct 09 15:17 CEST
"MdlibUnitTest" time elapsed: 00:00:00
----------------------------------------------------------

3/19 Testing: CommandLineUnitTests
3/19 Test: CommandLineUnitTests
Command: "/home/mi/johnwhittake/software/gromacs-510-fcDelta/build/bin/commandline-test" "--gtest_output=xml:/home/mi/johnwhittake/software/gromacs-510-fcDelta/build/Testing/Temporary/CommandLineUnitTests.xml"
Directory: /home/mi/johnwhittake/software/gromacs-510-fcDelta/build/src/gromacs/commandline/tests
"CommandLineUnitTests" start time: Oct 09 15:17 CEST
Output:
----------------------------------------------------------
[==========] Running 46 tests from 6 test cases.
[----------] Global test environment set-up.
[----------] 3 tests from CommandLineHelpModuleTest
[ RUN      ] CommandLineHelpModuleTest.PrintsGeneralHelp
[       OK ] CommandLineHelpModuleTest.PrintsGeneralHelp (10 ms)
[ RUN      ] CommandLineHelpModuleTest.PrintsHelpOnTopic
[       OK ] CommandLineHelpModuleTest.PrintsHelpOnTopic (3 ms)
[ RUN      ] CommandLineHelpModuleTest.ExportsHelp
[       OK ] CommandLineHelpModuleTest.ExportsHelp (24 ms)
[----------] 3 tests from CommandLineHelpModuleTest (38 ms total)

[----------] 4 tests from CommandLineHelpWriterTest
[ RUN      ] CommandLineHelpWriterTest.HandlesOptionTypes
[       OK ] CommandLineHelpWriterTest.HandlesOptionTypes (4 ms)
[ RUN      ] CommandLineHelpWriterTest.HandlesLongFileOptions
[       OK ] CommandLineHelpWriterTest.HandlesLongFileOptions (3 ms)
[ RUN      ] CommandLineHelpWriterTest.HandlesLongOptions
[       OK ] CommandLineHelpWriterTest.HandlesLongOptions (3 ms)
[ RUN      ] CommandLineHelpWriterTest.HandlesMultipleSections
[       OK ] CommandLineHelpWriterTest.HandlesMultipleSections (3 ms)
[----------] 4 tests from CommandLineHelpWriterTest (13 ms total)

[----------] 5 tests from CommandLineModuleManagerTest
[ RUN      ] CommandLineModuleManagerTest.RunsModule
[       OK ] CommandLineModuleManagerTest.RunsModule (0 ms)
[ RUN      ] CommandLineModuleManagerTest.RunsModuleHelp
[       OK ] CommandLineModuleManagerTest.RunsModuleHelp (0 ms)
[ RUN      ] CommandLineModuleManagerTest.RunsModuleHelpWithDashH
[       OK ] CommandLineModuleManagerTest.RunsModuleHelpWithDashH (0 ms)
[ RUN      ] CommandLineModuleManagerTest.RunsModuleHelpWithDashHWithSingleModule
[       OK ] CommandLineModuleManagerTest.RunsModuleHelpWithDashHWithSingleModule (0 ms)
[ RUN      ] CommandLineModuleManagerTest.HandlesConflictingBinaryAndModuleNames
[       OK ] CommandLineModuleManagerTest.HandlesConflictingBinaryAndModuleNames (0 ms)
[----------] 5 tests from CommandLineModuleManagerTest (0 ms total)

[----------] 5 tests from CommandLineParserTest
[ RUN      ] CommandLineParserTest.HandlesSingleValues
[       OK ] CommandLineParserTest.HandlesSingleValues (0 ms)
[ RUN      ] CommandLineParserTest.HandlesNegativeNumbers
[       OK ] CommandLineParserTest.HandlesNegativeNumbers (0 ms)
[ RUN      ] CommandLineParserTest.HandlesDoubleDashOptionPrefix
[       OK ] CommandLineParserTest.HandlesDoubleDashOptionPrefix (0 ms)
[ RUN      ] CommandLineParserTest.HandlesOptionsStartingWithNumbers
[       OK ] CommandLineParserTest.HandlesOptionsStartingWithNumbers (0 ms)
[ RUN      ] CommandLineParserTest.HandlesSkipUnknown
[       OK ] CommandLineParserTest.HandlesSkipUnknown (0 ms)
[----------] 5 tests from CommandLineParserTest (0 ms total)

[----------] 6 tests from CommandLineProgramContextTest
[ RUN      ] CommandLineProgramContextTest.FindsBinaryWithAbsolutePath
[       OK ] CommandLineProgramContextTest.FindsBinaryWithAbsolutePath (1 ms)
[ RUN      ] CommandLineProgramContextTest.FindsBinaryWithRelativePath
[       OK ] CommandLineProgramContextTest.FindsBinaryWithRelativePath (0 ms)
[ RUN      ] CommandLineProgramContextTest.FindsBinaryFromPath
[       OK ] CommandLineProgramContextTest.FindsBinaryFromPath (1 ms)
[ RUN      ] CommandLineProgramContextTest.FindsBinaryFromCurrentDirectory
[       OK ] CommandLineProgramContextTest.FindsBinaryFromCurrentDirectory (0 ms)
[ RUN      ] CommandLineProgramContextTest.FindsBinaryFromAbsoluteSymLink
[       OK ] CommandLineProgramContextTest.FindsBinaryFromAbsoluteSymLink (0 ms)
[ RUN      ] CommandLineProgramContextTest.FindsBinaryFromRelativeSymLink
[       OK ] CommandLineProgramContextTest.FindsBinaryFromRelativeSymLink (0 ms)
[----------] 6 tests from CommandLineProgramContextTest (2 ms total)

[----------] 23 tests from ParseCommonArgsTest
[ RUN      ] ParseCommonArgsTest.ParsesIntegerArgs
[       OK ] ParseCommonArgsTest.ParsesIntegerArgs (0 ms)
[ RUN      ] ParseCommonArgsTest.ParsesInt64Args
[       OK ] ParseCommonArgsTest.ParsesInt64Args (0 ms)
[ RUN      ] ParseCommonArgsTest.ParsesRealArgs
[       OK ] ParseCommonArgsTest.ParsesRealArgs (0 ms)
[ RUN      ] ParseCommonArgsTest.ParsesStringArgs
[       OK ] ParseCommonArgsTest.ParsesStringArgs (0 ms)
[ RUN      ] ParseCommonArgsTest.ParsesBooleanArgs
[       OK ] ParseCommonArgsTest.ParsesBooleanArgs (0 ms)
[ RUN      ] ParseCommonArgsTest.ParsesVectorArgs
[       OK ] ParseCommonArgsTest.ParsesVectorArgs (0 ms)
[ RUN      ] ParseCommonArgsTest.ParsesTimeArgs
[       OK ] ParseCommonArgsTest.ParsesTimeArgs (0 ms)
[ RUN      ] ParseCommonArgsTest.ParsesTimeArgsWithTimeUnit
[       OK ] ParseCommonArgsTest.ParsesTimeArgsWithTimeUnit (0 ms)
[ RUN      ] ParseCommonArgsTest.ParsesEnumArgs
[       OK ] ParseCommonArgsTest.ParsesEnumArgs (0 ms)
[ RUN      ] ParseCommonArgsTest.ParsesFileArgs
[       OK ] ParseCommonArgsTest.ParsesFileArgs (0 ms)
[ RUN      ] ParseCommonArgsTest.ParsesFileArgsWithDefaults
[       OK ] ParseCommonArgsTest.ParsesFileArgsWithDefaults (1 ms)
[ RUN      ] ParseCommonArgsTest.ParsesFileArgsWithDefaultFileName
[       OK ] ParseCommonArgsTest.ParsesFileArgsWithDefaultFileName (0 ms)
[ RUN      ] ParseCommonArgsTest.ParseFileArgsWithCustomDefaultExtension
[       OK ] ParseCommonArgsTest.ParseFileArgsWithCustomDefaultExtension (0 ms)
[ RUN      ] ParseCommonArgsTest.HandlesNonExistentInputFiles
[       OK ] ParseCommonArgsTest.HandlesNonExistentInputFiles (0 ms)
[ RUN      ] ParseCommonArgsTest.HandlesNonExistentOptionalInputFiles
[       OK ] ParseCommonArgsTest.HandlesNonExistentOptionalInputFiles (2 ms)
[ RUN      ] ParseCommonArgsTest.AcceptsNonExistentInputFilesIfSpecified
[       OK ] ParseCommonArgsTest.AcceptsNonExistentInputFilesIfSpecified (2 ms)
[ RUN      ] ParseCommonArgsTest.HandlesCompressedFiles
[       OK ] ParseCommonArgsTest.HandlesCompressedFiles (4 ms)
[ RUN      ] ParseCommonArgsTest.AcceptsUnknownTrajectoryExtension
[       OK ] ParseCommonArgsTest.AcceptsUnknownTrajectoryExtension (2 ms)
[ RUN      ] ParseCommonArgsTest.CompletesExtensionFromExistingFile
[       OK ] ParseCommonArgsTest.CompletesExtensionFromExistingFile (12 ms)
[ RUN      ] ParseCommonArgsTest.CompletesExtensionFromExistingFileWithDefaultFileName
[       OK ] ParseCommonArgsTest.CompletesExtensionFromExistingFileWithDefaultFileName (28 ms)
[ RUN      ] ParseCommonArgsTest.HandlesNonReadNode
[       OK ] ParseCommonArgsTest.HandlesNonReadNode (0 ms)
[ RUN      ] ParseCommonArgsTest.HandlesNonReadNodeWithDefaultFileName
[       OK ] ParseCommonArgsTest.HandlesNonReadNodeWithDefaultFileName (0 ms)
[ RUN      ] ParseCommonArgsTest.CanKeepUnknownArgs
[       OK ] ParseCommonArgsTest.CanKeepUnknownArgs (0 ms)
[----------] 23 tests from ParseCommonArgsTest (51 ms total)

[----------] Global test environment tear-down
[==========] 46 tests from 6 test cases ran. (104 ms total)
[  PASSED  ] 46 tests.
<end of output>
Test time =   0.13 sec
----------------------------------------------------------
Test Passed.
"CommandLineUnitTests" end time: Oct 09 15:17 CEST
"CommandLineUnitTests" time elapsed: 00:00:00
----------------------------------------------------------

4/19 Testing: FFTUnitTests
4/19 Test: FFTUnitTests
Command: "/home/mi/johnwhittake/software/gromacs-510-fcDelta/build/bin/fft-test" "--gtest_output=xml:/home/mi/johnwhittake/software/gromacs-510-fcDelta/build/Testing/Temporary/FFTUnitTests.xml"
Directory: /home/mi/johnwhittake/software/gromacs-510-fcDelta/build/src/gromacs/fft/tests
"FFTUnitTests" start time: Oct 09 15:17 CEST
Output:
----------------------------------------------------------
[==========] Running 14 tests from 4 test cases.
[----------] Global test environment set-up.
[----------] 2 tests from ManyFFTTest
[ RUN      ] ManyFFTTest.Complex1DLength48Multi5Test
[       OK ] ManyFFTTest.Complex1DLength48Multi5Test (8 ms)
[ RUN      ] ManyFFTTest.Real1DLength48Multi5Test
[       OK ] ManyFFTTest.Real1DLength48Multi5Test (15 ms)
[----------] 2 tests from ManyFFTTest (23 ms total)

[----------] 1 test from FFTTest
[ RUN      ] FFTTest.Real2DLength18_15Test
[       OK ] FFTTest.Real2DLength18_15Test (5 ms)
[----------] 1 test from FFTTest (5 ms total)

[----------] 1 test from FFFTest3D
[ RUN      ] FFFTest3D.Real5_6_9
[       OK ] FFFTest3D.Real5_6_9 (3 ms)
[----------] 1 test from FFFTest3D (3 ms total)

[----------] 10 tests from 7_8_25_36_60/FFTTest1D
[ RUN      ] 7_8_25_36_60/FFTTest1D.Complex/0
[       OK ] 7_8_25_36_60/FFTTest1D.Complex/0 (2 ms)
[ RUN      ] 7_8_25_36_60/FFTTest1D.Complex/1
[       OK ] 7_8_25_36_60/FFTTest1D.Complex/1 (1 ms)
[ RUN      ] 7_8_25_36_60/FFTTest1D.Complex/2
[       OK ] 7_8_25_36_60/FFTTest1D.Complex/2 (2 ms)
[ RUN      ] 7_8_25_36_60/FFTTest1D.Complex/3
[       OK ] 7_8_25_36_60/FFTTest1D.Complex/3 (4 ms)
[ RUN      ] 7_8_25_36_60/FFTTest1D.Complex/4
[       OK ] 7_8_25_36_60/FFTTest1D.Complex/4 (2 ms)
[ RUN      ] 7_8_25_36_60/FFTTest1D.Real/0
[       OK ] 7_8_25_36_60/FFTTest1D.Real/0 (2 ms)
[ RUN      ] 7_8_25_36_60/FFTTest1D.Real/1
[       OK ] 7_8_25_36_60/FFTTest1D.Real/1 (1 ms)
[ RUN      ] 7_8_25_36_60/FFTTest1D.Real/2
[       OK ] 7_8_25_36_60/FFTTest1D.Real/2 (1 ms)
[ RUN      ] 7_8_25_36_60/FFTTest1D.Real/3
[       OK ] 7_8_25_36_60/FFTTest1D.Real/3 (9 ms)
[ RUN      ] 7_8_25_36_60/FFTTest1D.Real/4
[       OK ] 7_8_25_36_60/FFTTest1D.Real/4 (12 ms)
[----------] 10 tests from 7_8_25_36_60/FFTTest1D (36 ms total)

[----------] Global test environment tear-down
[==========] 14 tests from 4 test cases ran. (67 ms total)
[  PASSED  ] 14 tests.
<end of output>
Test time =   0.09 sec
----------------------------------------------------------
Test Passed.
"FFTUnitTests" end time: Oct 09 15:17 CEST
"FFTUnitTests" time elapsed: 00:00:00
----------------------------------------------------------

5/19 Testing: MathUnitTests
5/19 Test: MathUnitTests
Command: "/home/mi/johnwhittake/software/gromacs-510-fcDelta/build/bin/math-test" "--gtest_output=xml:/home/mi/johnwhittake/software/gromacs-510-fcDelta/build/Testing/Temporary/MathUnitTests.xml"
Directory: /home/mi/johnwhittake/software/gromacs-510-fcDelta/build/src/gromacs/math/tests
"MathUnitTests" start time: Oct 09 15:17 CEST
Output:
----------------------------------------------------------
[==========] Running 6 tests from 1 test case.
[----------] Global test environment set-up.
[----------] 6 tests from RVecTest
[ RUN      ] RVecTest.CanBeStoredInVector
[       OK ] RVecTest.CanBeStoredInVector (0 ms)
[ RUN      ] RVecTest.ConvertsImplicitlyFrom_rvec
[       OK ] RVecTest.ConvertsImplicitlyFrom_rvec (0 ms)
[ RUN      ] RVecTest.ConvertsImplicitlyTo_rvec
[       OK ] RVecTest.ConvertsImplicitlyTo_rvec (0 ms)
[ RUN      ] RVecTest.WorksAsMutable_rvec
[       OK ] RVecTest.WorksAsMutable_rvec (0 ms)
[ RUN      ] RVecTest.WorksAs_rvec_Array
[       OK ] RVecTest.WorksAs_rvec_Array (0 ms)
[ RUN      ] RVecTest.WorksAs_rvec_Reference
[       OK ] RVecTest.WorksAs_rvec_Reference (0 ms)
[----------] 6 tests from RVecTest (0 ms total)

[----------] Global test environment tear-down
[==========] 6 tests from 1 test case ran. (1 ms total)
[  PASSED  ] 6 tests.
<end of output>
Test time =   0.02 sec
----------------------------------------------------------
Test Passed.
"MathUnitTests" end time: Oct 09 15:17 CEST
"MathUnitTests" time elapsed: 00:00:00
----------------------------------------------------------

6/19 Testing: RandomUnitTests
6/19 Test: RandomUnitTests
Command: "/home/mi/johnwhittake/software/gromacs-510-fcDelta/build/bin/random-test" "--gtest_output=xml:/home/mi/johnwhittake/software/gromacs-510-fcDelta/build/Testing/Temporary/RandomUnitTests.xml"
Directory: /home/mi/johnwhittake/software/gromacs-510-fcDelta/build/src/gromacs/random/tests
"RandomUnitTests" start time: Oct 09 15:17 CEST
Output:
----------------------------------------------------------
[==========] Running 3 tests from 1 test case.
[----------] Global test environment set-up.
[----------] 3 tests from 0_ff_pi/Threefry
[ RUN      ] 0_ff_pi/Threefry.2x64/0
[       OK ] 0_ff_pi/Threefry.2x64/0 (1 ms)
[ RUN      ] 0_ff_pi/Threefry.2x64/1
[       OK ] 0_ff_pi/Threefry.2x64/1 (1 ms)
[ RUN      ] 0_ff_pi/Threefry.2x64/2
[       OK ] 0_ff_pi/Threefry.2x64/2 (0 ms)
[----------] 3 tests from 0_ff_pi/Threefry (3 ms total)

[----------] Global test environment tear-down
[==========] 3 tests from 1 test case ran. (4 ms total)
[  PASSED  ] 3 tests.
<end of output>
Test time =   0.02 sec
----------------------------------------------------------
Test Passed.
"RandomUnitTests" end time: Oct 09 15:17 CEST
"RandomUnitTests" time elapsed: 00:00:00
----------------------------------------------------------

7/19 Testing: OnlineHelpUnitTests
7/19 Test: OnlineHelpUnitTests
Command: "/home/mi/johnwhittake/software/gromacs-510-fcDelta/build/bin/onlinehelp-test" "--gtest_output=xml:/home/mi/johnwhittake/software/gromacs-510-fcDelta/build/Testing/Temporary/OnlineHelpUnitTests.xml"
Directory: /home/mi/johnwhittake/software/gromacs-510-fcDelta/build/src/gromacs/onlinehelp/tests
"OnlineHelpUnitTests" start time: Oct 09 15:17 CEST
Output:
----------------------------------------------------------
[==========] Running 22 tests from 4 test cases.
[----------] Global test environment set-up.
[----------] 6 tests from TextTableFormatterTest
[ RUN      ] TextTableFormatterTest.HandlesBasicCase
[       OK ] TextTableFormatterTest.HandlesBasicCase (5 ms)
[ RUN      ] TextTableFormatterTest.HandlesEmptyColumnTitles
[       OK ] TextTableFormatterTest.HandlesEmptyColumnTitles (1 ms)
[ RUN      ] TextTableFormatterTest.HandlesIndentation
[       OK ] TextTableFormatterTest.HandlesIndentation (1 ms)
[ RUN      ] TextTableFormatterTest.HandlesOverflowingLines
[       OK ] TextTableFormatterTest.HandlesOverflowingLines (1 ms)
[ RUN      ] TextTableFormatterTest.HandlesLastColumnFolding
[       OK ] TextTableFormatterTest.HandlesLastColumnFolding (1 ms)
[ RUN      ] TextTableFormatterTest.HandlesEmptyColumns
[       OK ] TextTableFormatterTest.HandlesEmptyColumns (1 ms)
[----------] 6 tests from TextTableFormatterTest (11 ms total)

[----------] 3 tests from HelpManagerTest
[ RUN      ] HelpManagerTest.HandlesRootTopic
[       OK ] HelpManagerTest.HandlesRootTopic (1 ms)
[ RUN      ] HelpManagerTest.HandlesSubTopics
[       OK ] HelpManagerTest.HandlesSubTopics (2 ms)
[ RUN      ] HelpManagerTest.HandlesInvalidTopics
[       OK ] HelpManagerTest.HandlesInvalidTopics (1 ms)
[----------] 3 tests from HelpManagerTest (4 ms total)

[----------] 2 tests from HelpTopicFormattingTest
[ RUN      ] HelpTopicFormattingTest.FormatsSimpleTopic
[       OK ] HelpTopicFormattingTest.FormatsSimpleTopic (3 ms)
[ RUN      ] HelpTopicFormattingTest.FormatsCompositeTopicWithSubTopics
[       OK ] HelpTopicFormattingTest.FormatsCompositeTopicWithSubTopics (3 ms)
[----------] 2 tests from HelpTopicFormattingTest (6 ms total)

[----------] 11 tests from HelpWriterContextTest
[ RUN      ] HelpWriterContextTest.FormatsParagraphs
[       OK ] HelpWriterContextTest.FormatsParagraphs (1 ms)
[ RUN      ] HelpWriterContextTest.FormatsRstStyleParagraphs
[       OK ] HelpWriterContextTest.FormatsRstStyleParagraphs (1 ms)
[ RUN      ] HelpWriterContextTest.CleansUpExtraWhitespace
[       OK ] HelpWriterContextTest.CleansUpExtraWhitespace (1 ms)
[ RUN      ] HelpWriterContextTest.FormatsLiteralText
[       OK ] HelpWriterContextTest.FormatsLiteralText (1 ms)
[ RUN      ] HelpWriterContextTest.FormatsLiteralTextAtBeginning
[       OK ] HelpWriterContextTest.FormatsLiteralTextAtBeginning (1 ms)
[ RUN      ] HelpWriterContextTest.FormatsLiteralTextWithIndentation
[       OK ] HelpWriterContextTest.FormatsLiteralTextWithIndentation (0 ms)
[ RUN      ] HelpWriterContextTest.FormatsBulletList
[       OK ] HelpWriterContextTest.FormatsBulletList (1 ms)
[ RUN      ] HelpWriterContextTest.FormatsEnumeratedList
[       OK ] HelpWriterContextTest.FormatsEnumeratedList (1 ms)
[ RUN      ] HelpWriterContextTest.FormatsSimpleTable
[       OK ] HelpWriterContextTest.FormatsSimpleTable (1 ms)
[ RUN      ] HelpWriterContextTest.FormatsGridTable
[       OK ] HelpWriterContextTest.FormatsGridTable (1 ms)
[ RUN      ] HelpWriterContextTest.FormatsTitles
[       OK ] HelpWriterContextTest.FormatsTitles (1 ms)
[----------] 11 tests from HelpWriterContextTest (11 ms total)

[----------] Global test environment tear-down
[==========] 22 tests from 4 test cases ran. (33 ms total)
[  PASSED  ] 22 tests.
<end of output>
Test time =   0.05 sec
----------------------------------------------------------
Test Passed.
"OnlineHelpUnitTests" end time: Oct 09 15:17 CEST
"OnlineHelpUnitTests" time elapsed: 00:00:00
----------------------------------------------------------

8/19 Testing: OptionsUnitTests
8/19 Test: OptionsUnitTests
Command: "/home/mi/johnwhittake/software/gromacs-510-fcDelta/build/bin/options-test" "--gtest_output=xml:/home/mi/johnwhittake/software/gromacs-510-fcDelta/build/Testing/Temporary/OptionsUnitTests.xml"
Directory: /home/mi/johnwhittake/software/gromacs-510-fcDelta/build/src/gromacs/options/tests
"OptionsUnitTests" start time: Oct 09 15:17 CEST
Output:
----------------------------------------------------------
[==========] Running 74 tests from 10 test cases.
[----------] Global test environment set-up.
[----------] 5 tests from AbstractOptionStorageTest
[ RUN      ] AbstractOptionStorageTest.HandlesSetInFinish
[       OK ] AbstractOptionStorageTest.HandlesSetInFinish (0 ms)
[ RUN      ] AbstractOptionStorageTest.HandlesValueRemoval
[       OK ] AbstractOptionStorageTest.HandlesValueRemoval (0 ms)
[ RUN      ] AbstractOptionStorageTest.HandlesValueAddition
[       OK ] AbstractOptionStorageTest.HandlesValueAddition (0 ms)
[ RUN      ] AbstractOptionStorageTest.HandlesTooManyValueAddition
[       OK ] AbstractOptionStorageTest.HandlesTooManyValueAddition (0 ms)
[ RUN      ] AbstractOptionStorageTest.AllowsEmptyValues
[       OK ] AbstractOptionStorageTest.AllowsEmptyValues (0 ms)
[----------] 5 tests from AbstractOptionStorageTest (0 ms total)

[----------] 8 tests from FileNameOptionTest
[ RUN      ] FileNameOptionTest.HandlesRequiredDefaultValueWithoutExtension
[       OK ] FileNameOptionTest.HandlesRequiredDefaultValueWithoutExtension (0 ms)
[ RUN      ] FileNameOptionTest.HandlesRequiredOptionWithoutValue
[       OK ] FileNameOptionTest.HandlesRequiredOptionWithoutValue (0 ms)
[ RUN      ] FileNameOptionTest.HandlesOptionalUnsetOption
[       OK ] FileNameOptionTest.HandlesOptionalUnsetOption (0 ms)
[ RUN      ] FileNameOptionTest.HandlesOptionalDefaultValueWithoutExtension
[       OK ] FileNameOptionTest.HandlesOptionalDefaultValueWithoutExtension (0 ms)
[ RUN      ] FileNameOptionTest.HandlesRequiredCustomDefaultExtension
[       OK ] FileNameOptionTest.HandlesRequiredCustomDefaultExtension (0 ms)
[ RUN      ] FileNameOptionTest.HandlesOptionalCustomDefaultExtension
[       OK ] FileNameOptionTest.HandlesOptionalCustomDefaultExtension (0 ms)
[ RUN      ] FileNameOptionTest.GivesErrorOnUnknownFileSuffix
[       OK ] FileNameOptionTest.GivesErrorOnUnknownFileSuffix (0 ms)
[ RUN      ] FileNameOptionTest.GivesErrorOnInvalidFileSuffix
[       OK ] FileNameOptionTest.GivesErrorOnInvalidFileSuffix (0 ms)
[----------] 8 tests from FileNameOptionTest (0 ms total)

[----------] 15 tests from FileNameOptionManagerTest
[ RUN      ] FileNameOptionManagerTest.AddsMissingExtension
[       OK ] FileNameOptionManagerTest.AddsMissingExtension (0 ms)
[ RUN      ] FileNameOptionManagerTest.AddsMissingCustomDefaultExtension
[       OK ] FileNameOptionManagerTest.AddsMissingCustomDefaultExtension (0 ms)
[ RUN      ] FileNameOptionManagerTest.GivesErrorOnMissingInputFile
[       OK ] FileNameOptionManagerTest.GivesErrorOnMissingInputFile (1 ms)
[ RUN      ] FileNameOptionManagerTest.GivesErrorOnMissingGenericInputFile
[       OK ] FileNameOptionManagerTest.GivesErrorOnMissingGenericInputFile (0 ms)
[ RUN      ] FileNameOptionManagerTest.GivesErrorOnMissingDefaultInputFile
[       OK ] FileNameOptionManagerTest.GivesErrorOnMissingDefaultInputFile (0 ms)
[ RUN      ] FileNameOptionManagerTest.GivesErrorOnMissingRequiredInputFile
[       OK ] FileNameOptionManagerTest.GivesErrorOnMissingRequiredInputFile (0 ms)
[ RUN      ] FileNameOptionManagerTest.AcceptsMissingInputFileIfSpecified
[       OK ] FileNameOptionManagerTest.AcceptsMissingInputFileIfSpecified (0 ms)
[ RUN      ] FileNameOptionManagerTest.AcceptsMissingDefaultInputFileIfSpecified
[       OK ] FileNameOptionManagerTest.AcceptsMissingDefaultInputFileIfSpecified (0 ms)
[ RUN      ] FileNameOptionManagerTest.AcceptsMissingRequiredInputFileIfSpecified
[       OK ] FileNameOptionManagerTest.AcceptsMissingRequiredInputFileIfSpecified (0 ms)
[ RUN      ] FileNameOptionManagerTest.AddsMissingExtensionBasedOnExistingFile
[       OK ] FileNameOptionManagerTest.AddsMissingExtensionBasedOnExistingFile (0 ms)
[ RUN      ] FileNameOptionManagerTest.AddsMissingExtensionForRequiredDefaultNameBasedOnExistingFile
[       OK ] FileNameOptionManagerTest.AddsMissingExtensionForRequiredDefaultNameBasedOnExistingFile (0 ms)
[ RUN      ] FileNameOptionManagerTest.AddsMissingExtensionForOptionalDefaultNameBasedOnExistingFile
[       OK ] FileNameOptionManagerTest.AddsMissingExtensionForOptionalDefaultNameBasedOnExistingFile (0 ms)
[ RUN      ] FileNameOptionManagerTest.AddsMissingExtensionForRequiredFromDefaultNameOptionBasedOnExistingFile
[       OK ] FileNameOptionManagerTest.AddsMissingExtensionForRequiredFromDefaultNameOptionBasedOnExistingFile (0 ms)
[ RUN      ] FileNameOptionManagerTest.AddsMissingExtensionForOptionalFromDefaultNameOptionBasedOnExistingFile
[       OK ] FileNameOptionManagerTest.AddsMissingExtensionForOptionalFromDefaultNameOptionBasedOnExistingFile (0 ms)
[ RUN      ] FileNameOptionManagerTest.DefaultNameOptionWorksWithoutInputChecking
[       OK ] FileNameOptionManagerTest.DefaultNameOptionWorksWithoutInputChecking (0 ms)
[----------] 15 tests from FileNameOptionManagerTest (1 ms total)

[----------] 2 tests from OptionsTest
[ RUN      ] OptionsTest.FailsOnNonsafeStorage
[       OK ] OptionsTest.FailsOnNonsafeStorage (0 ms)
[ RUN      ] OptionsTest.FailsOnIncorrectEnumDefaultValue
[       OK ] OptionsTest.FailsOnIncorrectEnumDefaultValue (0 ms)
[----------] 2 tests from OptionsTest (0 ms total)

[----------] 9 tests from OptionsAssignerTest
[ RUN      ] OptionsAssignerTest.HandlesMissingRequiredParameter
[       OK ] OptionsAssignerTest.HandlesMissingRequiredParameter (0 ms)
[ RUN      ] OptionsAssignerTest.HandlesRequiredParameterWithDefaultValue
[       OK ] OptionsAssignerTest.HandlesRequiredParameterWithDefaultValue (0 ms)
[ RUN      ] OptionsAssignerTest.HandlesInvalidMultipleParameter
[       OK ] OptionsAssignerTest.HandlesInvalidMultipleParameter (0 ms)
[ RUN      ] OptionsAssignerTest.HandlesMultipleParameter
[       OK ] OptionsAssignerTest.HandlesMultipleParameter (0 ms)
[ RUN      ] OptionsAssignerTest.HandlesMissingValue
[       OK ] OptionsAssignerTest.HandlesMissingValue (0 ms)
[ RUN      ] OptionsAssignerTest.HandlesExtraValue
[       OK ] OptionsAssignerTest.HandlesExtraValue (0 ms)
[ RUN      ] OptionsAssignerTest.HandlesSubSections
[       OK ] OptionsAssignerTest.HandlesSubSections (0 ms)
[ RUN      ] OptionsAssignerTest.HandlesNoStrictSubSections
[       OK ] OptionsAssignerTest.HandlesNoStrictSubSections (0 ms)
[ RUN      ] OptionsAssignerTest.HandlesMultipleSources
[       OK ] OptionsAssignerTest.HandlesMultipleSources (0 ms)
[----------] 9 tests from OptionsAssignerTest (0 ms total)

[----------] 4 tests from OptionsAssignerBooleanTest
[ RUN      ] OptionsAssignerBooleanTest.StoresYesValue
[       OK ] OptionsAssignerBooleanTest.StoresYesValue (0 ms)
[ RUN      ] OptionsAssignerBooleanTest.SetsBooleanWithoutExplicitValue
[       OK ] OptionsAssignerBooleanTest.SetsBooleanWithoutExplicitValue (0 ms)
[ RUN      ] OptionsAssignerBooleanTest.ClearsBooleanWithPrefixNo
[       OK ] OptionsAssignerBooleanTest.ClearsBooleanWithPrefixNo (0 ms)
[ RUN      ] OptionsAssignerBooleanTest.HandlesBooleanWithPrefixAndValue
[       OK ] OptionsAssignerBooleanTest.HandlesBooleanWithPrefixAndValue (0 ms)
[----------] 4 tests from OptionsAssignerBooleanTest (0 ms total)

[----------] 13 tests from OptionsAssignerIntegerTest
[ RUN      ] OptionsAssignerIntegerTest.StoresSingleValue
[       OK ] OptionsAssignerIntegerTest.StoresSingleValue (0 ms)
[ RUN      ] OptionsAssignerIntegerTest.HandlesEmptyValue
[       OK ] OptionsAssignerIntegerTest.HandlesEmptyValue (0 ms)
[ RUN      ] OptionsAssignerIntegerTest.HandlesInvalidValue
[       OK ] OptionsAssignerIntegerTest.HandlesInvalidValue (0 ms)
[ RUN      ] OptionsAssignerIntegerTest.HandlesOverflow
[       OK ] OptionsAssignerIntegerTest.HandlesOverflow (0 ms)
[ RUN      ] OptionsAssignerIntegerTest.StoresDefaultValue
[       OK ] OptionsAssignerIntegerTest.StoresDefaultValue (0 ms)
[ RUN      ] OptionsAssignerIntegerTest.StoresDefaultValueIfSet
[       OK ] OptionsAssignerIntegerTest.StoresDefaultValueIfSet (1 ms)
[ RUN      ] OptionsAssignerIntegerTest.HandlesDefaultValueIfSetWhenNotSet
[       OK ] OptionsAssignerIntegerTest.HandlesDefaultValueIfSetWhenNotSet (0 ms)
[ RUN      ] OptionsAssignerIntegerTest.HandlesBothDefaultValues
[       OK ] OptionsAssignerIntegerTest.HandlesBothDefaultValues (0 ms)
[ RUN      ] OptionsAssignerIntegerTest.StoresToVector
[       OK ] OptionsAssignerIntegerTest.StoresToVector (0 ms)
[ RUN      ] OptionsAssignerIntegerTest.HandlesVectors
[       OK ] OptionsAssignerIntegerTest.HandlesVectors (0 ms)
[ RUN      ] OptionsAssignerIntegerTest.HandlesVectorFromSingleValue
[       OK ] OptionsAssignerIntegerTest.HandlesVectorFromSingleValue (0 ms)
[ RUN      ] OptionsAssignerIntegerTest.HandlesVectorsWithDefaultValue
[       OK ] OptionsAssignerIntegerTest.HandlesVectorsWithDefaultValue (0 ms)
[ RUN      ] OptionsAssignerIntegerTest.HandlesVectorsWithDefaultValueWithInvalidAssignment
[       OK ] OptionsAssignerIntegerTest.HandlesVectorsWithDefaultValueWithInvalidAssignment (0 ms)
[----------] 13 tests from OptionsAssignerIntegerTest (1 ms total)

[----------] 2 tests from OptionsAssignerDoubleTest
[ RUN      ] OptionsAssignerDoubleTest.StoresSingleValue
[       OK ] OptionsAssignerDoubleTest.StoresSingleValue (0 ms)
[ RUN      ] OptionsAssignerDoubleTest.HandlesEmptyValue
[       OK ] OptionsAssignerDoubleTest.HandlesEmptyValue (0 ms)
[----------] 2 tests from OptionsAssignerDoubleTest (0 ms total)

[----------] 11 tests from OptionsAssignerStringTest
[ RUN      ] OptionsAssignerStringTest.StoresSingleValue
[       OK ] OptionsAssignerStringTest.StoresSingleValue (0 ms)
[ RUN      ] OptionsAssignerStringTest.HandlesEnumValue
[       OK ] OptionsAssignerStringTest.HandlesEnumValue (0 ms)
[ RUN      ] OptionsAssignerStringTest.HandlesEnumValueFromNullTerminatedArray
[       OK ] OptionsAssignerStringTest.HandlesEnumValueFromNullTerminatedArray (0 ms)
[ RUN      ] OptionsAssignerStringTest.HandlesIncorrectEnumValue
[       OK ] OptionsAssignerStringTest.HandlesIncorrectEnumValue (0 ms)
[ RUN      ] OptionsAssignerStringTest.CompletesEnumValue
[       OK ] OptionsAssignerStringTest.CompletesEnumValue (0 ms)
[ RUN      ] OptionsAssignerStringTest.HandlesEnumWithNoValue
[       OK ] OptionsAssignerStringTest.HandlesEnumWithNoValue (0 ms)
[ RUN      ] OptionsAssignerStringTest.HandlesEnumDefaultValue
[       OK ] OptionsAssignerStringTest.HandlesEnumDefaultValue (0 ms)
[ RUN      ] OptionsAssignerStringTest.HandlesEnumDefaultValueFromVariable
[       OK ] OptionsAssignerStringTest.HandlesEnumDefaultValueFromVariable (0 ms)
[ RUN      ] OptionsAssignerStringTest.HandlesEnumDefaultValueFromVector
[       OK ] OptionsAssignerStringTest.HandlesEnumDefaultValueFromVector (0 ms)
[ RUN      ] OptionsAssignerStringTest.HandlesEnumDefaultIndex
[       OK ] OptionsAssignerStringTest.HandlesEnumDefaultIndex (0 ms)
[ RUN      ] OptionsAssignerStringTest.HandlesEnumDefaultIndexFromVariable
[       OK ] OptionsAssignerStringTest.HandlesEnumDefaultIndexFromVariable (0 ms)
[----------] 11 tests from OptionsAssignerStringTest (0 ms total)

[----------] 5 tests from TimeUnitManagerTest
[ RUN      ] TimeUnitManagerTest.BasicOperations
[       OK ] TimeUnitManagerTest.BasicOperations (0 ms)
[ RUN      ] TimeUnitManagerTest.ScalesAssignedOptionValue
[       OK ] TimeUnitManagerTest.ScalesAssignedOptionValue (0 ms)
[ RUN      ] TimeUnitManagerTest.DoesNotScaleDefaultValues
[       OK ] TimeUnitManagerTest.DoesNotScaleDefaultValues (0 ms)
[ RUN      ] TimeUnitManagerTest.ScalesUserInputWithMultipleSources
[       OK ] TimeUnitManagerTest.ScalesUserInputWithMultipleSources (0 ms)
[ RUN      ] TimeUnitManagerTest.TimeUnitOptionWorks
[       OK ] TimeUnitManagerTest.TimeUnitOptionWorks (0 ms)
[----------] 5 tests from TimeUnitManagerTest (0 ms total)

[----------] Global test environment tear-down
[==========] 74 tests from 10 test cases ran. (2 ms total)
[  PASSED  ] 74 tests.
<end of output>
Test time =   0.03 sec
----------------------------------------------------------
Test Passed.
"OptionsUnitTests" end time: Oct 09 15:17 CEST
"OptionsUnitTests" time elapsed: 00:00:00
----------------------------------------------------------

9/19 Testing: UtilityUnitTests
9/19 Test: UtilityUnitTests
Command: "/home/mi/johnwhittake/software/gromacs-510-fcDelta/build/bin/utility-test" "--gtest_output=xml:/home/mi/johnwhittake/software/gromacs-510-fcDelta/build/Testing/Temporary/UtilityUnitTests.xml"
Directory: /home/mi/johnwhittake/software/gromacs-510-fcDelta/build/src/gromacs/utility/tests
"UtilityUnitTests" start time: Oct 09 15:17 CEST
Output:
----------------------------------------------------------
[==========] Running 212 tests from 32 test cases.
[----------] Global test environment set-up.
[----------] 1 test from EmptyArrayRefTest
[ RUN      ] EmptyArrayRefTest.IsEmpty
[       OK ] EmptyArrayRefTest.IsEmpty (0 ms)
[----------] 1 test from EmptyArrayRefTest (0 ms total)

[----------] 1 test from EmptyConstArrayRefTest
[ RUN      ] EmptyConstArrayRefTest.IsEmpty
[       OK ] EmptyConstArrayRefTest.IsEmpty (0 ms)
[----------] 1 test from EmptyConstArrayRefTest (0 ms total)

[----------] 8 tests from ArrayRefTest/0, where TypeParam = gmx::ArrayRef<char>
[ RUN      ] ArrayRefTest/0.MakeWithAssignmentWorks
[       OK ] ArrayRefTest/0.MakeWithAssignmentWorks (0 ms)
[ RUN      ] ArrayRefTest/0.ConstructWithTemplateConstructorWorks
[       OK ] ArrayRefTest/0.ConstructWithTemplateConstructorWorks (0 ms)
[ RUN      ] ArrayRefTest/0.ConstructFromPointersWorks
[       OK ] ArrayRefTest/0.ConstructFromPointersWorks (0 ms)
[ RUN      ] ArrayRefTest/0.MakeFromPointersWorks
[       OK ] ArrayRefTest/0.MakeFromPointersWorks (0 ms)
[ RUN      ] ArrayRefTest/0.MakeFromArrayWorks
[       OK ] ArrayRefTest/0.MakeFromArrayWorks (0 ms)
[ RUN      ] ArrayRefTest/0.ConstructFromVectorWorks
[       OK ] ArrayRefTest/0.ConstructFromVectorWorks (0 ms)
[ RUN      ] ArrayRefTest/0.MakeFromVectorWorks
[       OK ] ArrayRefTest/0.MakeFromVectorWorks (0 ms)
[ RUN      ] ArrayRefTest/0.ConstructFromStructFieldWithTemplateConstructorWorks
[       OK ] ArrayRefTest/0.ConstructFromStructFieldWithTemplateConstructorWorks (0 ms)
[----------] 8 tests from ArrayRefTest/0 (1 ms total)

[----------] 8 tests from ArrayRefTest/1, where TypeParam = gmx::ArrayRef<unsigned char>
[ RUN      ] ArrayRefTest/1.MakeWithAssignmentWorks
[       OK ] ArrayRefTest/1.MakeWithAssignmentWorks (0 ms)
[ RUN      ] ArrayRefTest/1.ConstructWithTemplateConstructorWorks
[       OK ] ArrayRefTest/1.ConstructWithTemplateConstructorWorks (0 ms)
[ RUN      ] ArrayRefTest/1.ConstructFromPointersWorks
[       OK ] ArrayRefTest/1.ConstructFromPointersWorks (0 ms)
[ RUN      ] ArrayRefTest/1.MakeFromPointersWorks
[       OK ] ArrayRefTest/1.MakeFromPointersWorks (0 ms)
[ RUN      ] ArrayRefTest/1.MakeFromArrayWorks
[       OK ] ArrayRefTest/1.MakeFromArrayWorks (0 ms)
[ RUN      ] ArrayRefTest/1.ConstructFromVectorWorks
[       OK ] ArrayRefTest/1.ConstructFromVectorWorks (0 ms)
[ RUN      ] ArrayRefTest/1.MakeFromVectorWorks
[       OK ] ArrayRefTest/1.MakeFromVectorWorks (0 ms)
[ RUN      ] ArrayRefTest/1.ConstructFromStructFieldWithTemplateConstructorWorks
[       OK ] ArrayRefTest/1.ConstructFromStructFieldWithTemplateConstructorWorks (0 ms)
[----------] 8 tests from ArrayRefTest/1 (0 ms total)

[----------] 8 tests from ArrayRefTest/2, where TypeParam = gmx::ArrayRef<int>
[ RUN      ] ArrayRefTest/2.MakeWithAssignmentWorks
[       OK ] ArrayRefTest/2.MakeWithAssignmentWorks (0 ms)
[ RUN      ] ArrayRefTest/2.ConstructWithTemplateConstructorWorks
[       OK ] ArrayRefTest/2.ConstructWithTemplateConstructorWorks (0 ms)
[ RUN      ] ArrayRefTest/2.ConstructFromPointersWorks
[       OK ] ArrayRefTest/2.ConstructFromPointersWorks (0 ms)
[ RUN      ] ArrayRefTest/2.MakeFromPointersWorks
[       OK ] ArrayRefTest/2.MakeFromPointersWorks (0 ms)
[ RUN      ] ArrayRefTest/2.MakeFromArrayWorks
[       OK ] ArrayRefTest/2.MakeFromArrayWorks (0 ms)
[ RUN      ] ArrayRefTest/2.ConstructFromVectorWorks
[       OK ] ArrayRefTest/2.ConstructFromVectorWorks (0 ms)
[ RUN      ] ArrayRefTest/2.MakeFromVectorWorks
[       OK ] ArrayRefTest/2.MakeFromVectorWorks (0 ms)
[ RUN      ] ArrayRefTest/2.ConstructFromStructFieldWithTemplateConstructorWorks
[       OK ] ArrayRefTest/2.ConstructFromStructFieldWithTemplateConstructorWorks (0 ms)
[----------] 8 tests from ArrayRefTest/2 (0 ms total)

[----------] 8 tests from ArrayRefTest/3, where TypeParam = gmx::ArrayRef<unsigned int>
[ RUN      ] ArrayRefTest/3.MakeWithAssignmentWorks
[       OK ] ArrayRefTest/3.MakeWithAssignmentWorks (0 ms)
[ RUN      ] ArrayRefTest/3.ConstructWithTemplateConstructorWorks
[       OK ] ArrayRefTest/3.ConstructWithTemplateConstructorWorks (0 ms)
[ RUN      ] ArrayRefTest/3.ConstructFromPointersWorks
[       OK ] ArrayRefTest/3.ConstructFromPointersWorks (0 ms)
[ RUN      ] ArrayRefTest/3.MakeFromPointersWorks
[       OK ] ArrayRefTest/3.MakeFromPointersWorks (0 ms)
[ RUN      ] ArrayRefTest/3.MakeFromArrayWorks
[       OK ] ArrayRefTest/3.MakeFromArrayWorks (0 ms)
[ RUN      ] ArrayRefTest/3.ConstructFromVectorWorks
[       OK ] ArrayRefTest/3.ConstructFromVectorWorks (0 ms)
[ RUN      ] ArrayRefTest/3.MakeFromVectorWorks
[       OK ] ArrayRefTest/3.MakeFromVectorWorks (0 ms)
[ RUN      ] ArrayRefTest/3.ConstructFromStructFieldWithTemplateConstructorWorks
[       OK ] ArrayRefTest/3.ConstructFromStructFieldWithTemplateConstructorWorks (0 ms)
[----------] 8 tests from ArrayRefTest/3 (0 ms total)

[----------] 8 tests from ArrayRefTest/4, where TypeParam = gmx::ArrayRef<long>
[ RUN      ] ArrayRefTest/4.MakeWithAssignmentWorks
[       OK ] ArrayRefTest/4.MakeWithAssignmentWorks (0 ms)
[ RUN      ] ArrayRefTest/4.ConstructWithTemplateConstructorWorks
[       OK ] ArrayRefTest/4.ConstructWithTemplateConstructorWorks (0 ms)
[ RUN      ] ArrayRefTest/4.ConstructFromPointersWorks
[       OK ] ArrayRefTest/4.ConstructFromPointersWorks (0 ms)
[ RUN      ] ArrayRefTest/4.MakeFromPointersWorks
[       OK ] ArrayRefTest/4.MakeFromPointersWorks (0 ms)
[ RUN      ] ArrayRefTest/4.MakeFromArrayWorks
[       OK ] ArrayRefTest/4.MakeFromArrayWorks (0 ms)
[ RUN      ] ArrayRefTest/4.ConstructFromVectorWorks
[       OK ] ArrayRefTest/4.ConstructFromVectorWorks (0 ms)
[ RUN      ] ArrayRefTest/4.MakeFromVectorWorks
[       OK ] ArrayRefTest/4.MakeFromVectorWorks (0 ms)
[ RUN      ] ArrayRefTest/4.ConstructFromStructFieldWithTemplateConstructorWorks
[       OK ] ArrayRefTest/4.ConstructFromStructFieldWithTemplateConstructorWorks (0 ms)
[----------] 8 tests from ArrayRefTest/4 (0 ms total)

[----------] 8 tests from ArrayRefTest/5, where TypeParam = gmx::ArrayRef<unsigned long>
[ RUN      ] ArrayRefTest/5.MakeWithAssignmentWorks
[       OK ] ArrayRefTest/5.MakeWithAssignmentWorks (0 ms)
[ RUN      ] ArrayRefTest/5.ConstructWithTemplateConstructorWorks
[       OK ] ArrayRefTest/5.ConstructWithTemplateConstructorWorks (0 ms)
[ RUN      ] ArrayRefTest/5.ConstructFromPointersWorks
[       OK ] ArrayRefTest/5.ConstructFromPointersWorks (0 ms)
[ RUN      ] ArrayRefTest/5.MakeFromPointersWorks
[       OK ] ArrayRefTest/5.MakeFromPointersWorks (0 ms)
[ RUN      ] ArrayRefTest/5.MakeFromArrayWorks
[       OK ] ArrayRefTest/5.MakeFromArrayWorks (0 ms)
[ RUN      ] ArrayRefTest/5.ConstructFromVectorWorks
[       OK ] ArrayRefTest/5.ConstructFromVectorWorks (0 ms)
[ RUN      ] ArrayRefTest/5.MakeFromVectorWorks
[       OK ] ArrayRefTest/5.MakeFromVectorWorks (0 ms)
[ RUN      ] ArrayRefTest/5.ConstructFromStructFieldWithTemplateConstructorWorks
[       OK ] ArrayRefTest/5.ConstructFromStructFieldWithTemplateConstructorWorks (0 ms)
[----------] 8 tests from ArrayRefTest/5 (0 ms total)

[----------] 8 tests from ArrayRefTest/6, where TypeParam = gmx::ArrayRef<long>
[ RUN      ] ArrayRefTest/6.MakeWithAssignmentWorks
[       OK ] ArrayRefTest/6.MakeWithAssignmentWorks (0 ms)
[ RUN      ] ArrayRefTest/6.ConstructWithTemplateConstructorWorks
[       OK ] ArrayRefTest/6.ConstructWithTemplateConstructorWorks (0 ms)
[ RUN      ] ArrayRefTest/6.ConstructFromPointersWorks
[       OK ] ArrayRefTest/6.ConstructFromPointersWorks (0 ms)
[ RUN      ] ArrayRefTest/6.MakeFromPointersWorks
[       OK ] ArrayRefTest/6.MakeFromPointersWorks (0 ms)
[ RUN      ] ArrayRefTest/6.MakeFromArrayWorks
[       OK ] ArrayRefTest/6.MakeFromArrayWorks (0 ms)
[ RUN      ] ArrayRefTest/6.ConstructFromVectorWorks
[       OK ] ArrayRefTest/6.ConstructFromVectorWorks (0 ms)
[ RUN      ] ArrayRefTest/6.MakeFromVectorWorks
[       OK ] ArrayRefTest/6.MakeFromVectorWorks (0 ms)
[ RUN      ] ArrayRefTest/6.ConstructFromStructFieldWithTemplateConstructorWorks
[       OK ] ArrayRefTest/6.ConstructFromStructFieldWithTemplateConstructorWorks (0 ms)
[----------] 8 tests from ArrayRefTest/6 (0 ms total)

[----------] 8 tests from ArrayRefTest/7, where TypeParam = gmx::ArrayRef<unsigned long>
[ RUN      ] ArrayRefTest/7.MakeWithAssignmentWorks
[       OK ] ArrayRefTest/7.MakeWithAssignmentWorks (0 ms)
[ RUN      ] ArrayRefTest/7.ConstructWithTemplateConstructorWorks
[       OK ] ArrayRefTest/7.ConstructWithTemplateConstructorWorks (0 ms)
[ RUN      ] ArrayRefTest/7.ConstructFromPointersWorks
[       OK ] ArrayRefTest/7.ConstructFromPointersWorks (0 ms)
[ RUN      ] ArrayRefTest/7.MakeFromPointersWorks
[       OK ] ArrayRefTest/7.MakeFromPointersWorks (0 ms)
[ RUN      ] ArrayRefTest/7.MakeFromArrayWorks
[       OK ] ArrayRefTest/7.MakeFromArrayWorks (0 ms)
[ RUN      ] ArrayRefTest/7.ConstructFromVectorWorks
[       OK ] ArrayRefTest/7.ConstructFromVectorWorks (0 ms)
[ RUN      ] ArrayRefTest/7.MakeFromVectorWorks
[       OK ] ArrayRefTest/7.MakeFromVectorWorks (0 ms)
[ RUN      ] ArrayRefTest/7.ConstructFromStructFieldWithTemplateConstructorWorks
[       OK ] ArrayRefTest/7.ConstructFromStructFieldWithTemplateConstructorWorks (0 ms)
[----------] 8 tests from ArrayRefTest/7 (1 ms total)

[----------] 8 tests from ArrayRefTest/8, where TypeParam = gmx::ArrayRef<float>
[ RUN      ] ArrayRefTest/8.MakeWithAssignmentWorks
[       OK ] ArrayRefTest/8.MakeWithAssignmentWorks (0 ms)
[ RUN      ] ArrayRefTest/8.ConstructWithTemplateConstructorWorks
[       OK ] ArrayRefTest/8.ConstructWithTemplateConstructorWorks (0 ms)
[ RUN      ] ArrayRefTest/8.ConstructFromPointersWorks
[       OK ] ArrayRefTest/8.ConstructFromPointersWorks (0 ms)
[ RUN      ] ArrayRefTest/8.MakeFromPointersWorks
[       OK ] ArrayRefTest/8.MakeFromPointersWorks (0 ms)
[ RUN      ] ArrayRefTest/8.MakeFromArrayWorks
[       OK ] ArrayRefTest/8.MakeFromArrayWorks (0 ms)
[ RUN      ] ArrayRefTest/8.ConstructFromVectorWorks
[       OK ] ArrayRefTest/8.ConstructFromVectorWorks (0 ms)
[ RUN      ] ArrayRefTest/8.MakeFromVectorWorks
[       OK ] ArrayRefTest/8.MakeFromVectorWorks (0 ms)
[ RUN      ] ArrayRefTest/8.ConstructFromStructFieldWithTemplateConstructorWorks
[       OK ] ArrayRefTest/8.ConstructFromStructFieldWithTemplateConstructorWorks (0 ms)
[----------] 8 tests from ArrayRefTest/8 (0 ms total)

[----------] 8 tests from ArrayRefTest/9, where TypeParam = gmx::ArrayRef<double>
[ RUN      ] ArrayRefTest/9.MakeWithAssignmentWorks
[       OK ] ArrayRefTest/9.MakeWithAssignmentWorks (0 ms)
[ RUN      ] ArrayRefTest/9.ConstructWithTemplateConstructorWorks
[       OK ] ArrayRefTest/9.ConstructWithTemplateConstructorWorks (0 ms)
[ RUN      ] ArrayRefTest/9.ConstructFromPointersWorks
[       OK ] ArrayRefTest/9.ConstructFromPointersWorks (0 ms)
[ RUN      ] ArrayRefTest/9.MakeFromPointersWorks
[       OK ] ArrayRefTest/9.MakeFromPointersWorks (0 ms)
[ RUN      ] ArrayRefTest/9.MakeFromArrayWorks
[       OK ] ArrayRefTest/9.MakeFromArrayWorks (0 ms)
[ RUN      ] ArrayRefTest/9.ConstructFromVectorWorks
[       OK ] ArrayRefTest/9.ConstructFromVectorWorks (0 ms)
[ RUN      ] ArrayRefTest/9.MakeFromVectorWorks
[       OK ] ArrayRefTest/9.MakeFromVectorWorks (0 ms)
[ RUN      ] ArrayRefTest/9.ConstructFromStructFieldWithTemplateConstructorWorks
[       OK ] ArrayRefTest/9.ConstructFromStructFieldWithTemplateConstructorWorks (0 ms)
[----------] 8 tests from ArrayRefTest/9 (0 ms total)

[----------] 8 tests from ArrayRefTest/10, where TypeParam = gmx::ConstArrayRef<char>
[ RUN      ] ArrayRefTest/10.MakeWithAssignmentWorks
[       OK ] ArrayRefTest/10.MakeWithAssignmentWorks (0 ms)
[ RUN      ] ArrayRefTest/10.ConstructWithTemplateConstructorWorks
[       OK ] ArrayRefTest/10.ConstructWithTemplateConstructorWorks (0 ms)
[ RUN      ] ArrayRefTest/10.ConstructFromPointersWorks
[       OK ] ArrayRefTest/10.ConstructFromPointersWorks (0 ms)
[ RUN      ] ArrayRefTest/10.MakeFromPointersWorks
[       OK ] ArrayRefTest/10.MakeFromPointersWorks (0 ms)
[ RUN      ] ArrayRefTest/10.MakeFromArrayWorks
[       OK ] ArrayRefTest/10.MakeFromArrayWorks (0 ms)
[ RUN      ] ArrayRefTest/10.ConstructFromVectorWorks
[       OK ] ArrayRefTest/10.ConstructFromVectorWorks (0 ms)
[ RUN      ] ArrayRefTest/10.MakeFromVectorWorks
[       OK ] ArrayRefTest/10.MakeFromVectorWorks (0 ms)
[ RUN      ] ArrayRefTest/10.ConstructFromStructFieldWithTemplateConstructorWorks
[       OK ] ArrayRefTest/10.ConstructFromStructFieldWithTemplateConstructorWorks (0 ms)
[----------] 8 tests from ArrayRefTest/10 (0 ms total)

[----------] 8 tests from ArrayRefTest/11, where TypeParam = gmx::ConstArrayRef<unsigned char>
[ RUN      ] ArrayRefTest/11.MakeWithAssignmentWorks
[       OK ] ArrayRefTest/11.MakeWithAssignmentWorks (0 ms)
[ RUN      ] ArrayRefTest/11.ConstructWithTemplateConstructorWorks
[       OK ] ArrayRefTest/11.ConstructWithTemplateConstructorWorks (0 ms)
[ RUN      ] ArrayRefTest/11.ConstructFromPointersWorks
[       OK ] ArrayRefTest/11.ConstructFromPointersWorks (0 ms)
[ RUN      ] ArrayRefTest/11.MakeFromPointersWorks
[       OK ] ArrayRefTest/11.MakeFromPointersWorks (0 ms)
[ RUN      ] ArrayRefTest/11.MakeFromArrayWorks
[       OK ] ArrayRefTest/11.MakeFromArrayWorks (0 ms)
[ RUN      ] ArrayRefTest/11.ConstructFromVectorWorks
[       OK ] ArrayRefTest/11.ConstructFromVectorWorks (0 ms)
[ RUN      ] ArrayRefTest/11.MakeFromVectorWorks
[       OK ] ArrayRefTest/11.MakeFromVectorWorks (0 ms)
[ RUN      ] ArrayRefTest/11.ConstructFromStructFieldWithTemplateConstructorWorks
[       OK ] ArrayRefTest/11.ConstructFromStructFieldWithTemplateConstructorWorks (0 ms)
[----------] 8 tests from ArrayRefTest/11 (0 ms total)

[----------] 8 tests from ArrayRefTest/12, where TypeParam = gmx::ConstArrayRef<int>
[ RUN      ] ArrayRefTest/12.MakeWithAssignmentWorks
[       OK ] ArrayRefTest/12.MakeWithAssignmentWorks (0 ms)
[ RUN      ] ArrayRefTest/12.ConstructWithTemplateConstructorWorks
[       OK ] ArrayRefTest/12.ConstructWithTemplateConstructorWorks (0 ms)
[ RUN      ] ArrayRefTest/12.ConstructFromPointersWorks
[       OK ] ArrayRefTest/12.ConstructFromPointersWorks (0 ms)
[ RUN      ] ArrayRefTest/12.MakeFromPointersWorks
[       OK ] ArrayRefTest/12.MakeFromPointersWorks (0 ms)
[ RUN      ] ArrayRefTest/12.MakeFromArrayWorks
[       OK ] ArrayRefTest/12.MakeFromArrayWorks (0 ms)
[ RUN      ] ArrayRefTest/12.ConstructFromVectorWorks
[       OK ] ArrayRefTest/12.ConstructFromVectorWorks (0 ms)
[ RUN      ] ArrayRefTest/12.MakeFromVectorWorks
[       OK ] ArrayRefTest/12.MakeFromVectorWorks (0 ms)
[ RUN      ] ArrayRefTest/12.ConstructFromStructFieldWithTemplateConstructorWorks
[       OK ] ArrayRefTest/12.ConstructFromStructFieldWithTemplateConstructorWorks (0 ms)
[----------] 8 tests from ArrayRefTest/12 (0 ms total)

[----------] 8 tests from ArrayRefTest/13, where TypeParam = gmx::ConstArrayRef<unsigned int>
[ RUN      ] ArrayRefTest/13.MakeWithAssignmentWorks
[       OK ] ArrayRefTest/13.MakeWithAssignmentWorks (0 ms)
[ RUN      ] ArrayRefTest/13.ConstructWithTemplateConstructorWorks
[       OK ] ArrayRefTest/13.ConstructWithTemplateConstructorWorks (0 ms)
[ RUN      ] ArrayRefTest/13.ConstructFromPointersWorks
[       OK ] ArrayRefTest/13.ConstructFromPointersWorks (0 ms)
[ RUN      ] ArrayRefTest/13.MakeFromPointersWorks
[       OK ] ArrayRefTest/13.MakeFromPointersWorks (0 ms)
[ RUN      ] ArrayRefTest/13.MakeFromArrayWorks
[       OK ] ArrayRefTest/13.MakeFromArrayWorks (0 ms)
[ RUN      ] ArrayRefTest/13.ConstructFromVectorWorks
[       OK ] ArrayRefTest/13.ConstructFromVectorWorks (0 ms)
[ RUN      ] ArrayRefTest/13.MakeFromVectorWorks
[       OK ] ArrayRefTest/13.MakeFromVectorWorks (0 ms)
[ RUN      ] ArrayRefTest/13.ConstructFromStructFieldWithTemplateConstructorWorks
[       OK ] ArrayRefTest/13.ConstructFromStructFieldWithTemplateConstructorWorks (0 ms)
[----------] 8 tests from ArrayRefTest/13 (0 ms total)

[----------] 8 tests from ArrayRefTest/14, where TypeParam = gmx::ConstArrayRef<long>
[ RUN      ] ArrayRefTest/14.MakeWithAssignmentWorks
[       OK ] ArrayRefTest/14.MakeWithAssignmentWorks (0 ms)
[ RUN      ] ArrayRefTest/14.ConstructWithTemplateConstructorWorks
[       OK ] ArrayRefTest/14.ConstructWithTemplateConstructorWorks (0 ms)
[ RUN      ] ArrayRefTest/14.ConstructFromPointersWorks
[       OK ] ArrayRefTest/14.ConstructFromPointersWorks (0 ms)
[ RUN      ] ArrayRefTest/14.MakeFromPointersWorks
[       OK ] ArrayRefTest/14.MakeFromPointersWorks (0 ms)
[ RUN      ] ArrayRefTest/14.MakeFromArrayWorks
[       OK ] ArrayRefTest/14.MakeFromArrayWorks (0 ms)
[ RUN      ] ArrayRefTest/14.ConstructFromVectorWorks
[       OK ] ArrayRefTest/14.ConstructFromVectorWorks (0 ms)
[ RUN      ] ArrayRefTest/14.MakeFromVectorWorks
[       OK ] ArrayRefTest/14.MakeFromVectorWorks (0 ms)
[ RUN      ] ArrayRefTest/14.ConstructFromStructFieldWithTemplateConstructorWorks
[       OK ] ArrayRefTest/14.ConstructFromStructFieldWithTemplateConstructorWorks (0 ms)
[----------] 8 tests from ArrayRefTest/14 (0 ms total)

[----------] 8 tests from ArrayRefTest/15, where TypeParam = gmx::ConstArrayRef<unsigned long>
[ RUN      ] ArrayRefTest/15.MakeWithAssignmentWorks
[       OK ] ArrayRefTest/15.MakeWithAssignmentWorks (0 ms)
[ RUN      ] ArrayRefTest/15.ConstructWithTemplateConstructorWorks
[       OK ] ArrayRefTest/15.ConstructWithTemplateConstructorWorks (0 ms)
[ RUN      ] ArrayRefTest/15.ConstructFromPointersWorks
[       OK ] ArrayRefTest/15.ConstructFromPointersWorks (0 ms)
[ RUN      ] ArrayRefTest/15.MakeFromPointersWorks
[       OK ] ArrayRefTest/15.MakeFromPointersWorks (0 ms)
[ RUN      ] ArrayRefTest/15.MakeFromArrayWorks
[       OK ] ArrayRefTest/15.MakeFromArrayWorks (0 ms)
[ RUN      ] ArrayRefTest/15.ConstructFromVectorWorks
[       OK ] ArrayRefTest/15.ConstructFromVectorWorks (0 ms)
[ RUN      ] ArrayRefTest/15.MakeFromVectorWorks
[       OK ] ArrayRefTest/15.MakeFromVectorWorks (0 ms)
[ RUN      ] ArrayRefTest/15.ConstructFromStructFieldWithTemplateConstructorWorks
[       OK ] ArrayRefTest/15.ConstructFromStructFieldWithTemplateConstructorWorks (0 ms)
[----------] 8 tests from ArrayRefTest/15 (0 ms total)

[----------] 8 tests from ArrayRefTest/16, where TypeParam = gmx::ConstArrayRef<long>
[ RUN      ] ArrayRefTest/16.MakeWithAssignmentWorks
[       OK ] ArrayRefTest/16.MakeWithAssignmentWorks (0 ms)
[ RUN      ] ArrayRefTest/16.ConstructWithTemplateConstructorWorks
[       OK ] ArrayRefTest/16.ConstructWithTemplateConstructorWorks (0 ms)
[ RUN      ] ArrayRefTest/16.ConstructFromPointersWorks
[       OK ] ArrayRefTest/16.ConstructFromPointersWorks (0 ms)
[ RUN      ] ArrayRefTest/16.MakeFromPointersWorks
[       OK ] ArrayRefTest/16.MakeFromPointersWorks (0 ms)
[ RUN      ] ArrayRefTest/16.MakeFromArrayWorks
[       OK ] ArrayRefTest/16.MakeFromArrayWorks (0 ms)
[ RUN      ] ArrayRefTest/16.ConstructFromVectorWorks
[       OK ] ArrayRefTest/16.ConstructFromVectorWorks (0 ms)
[ RUN      ] ArrayRefTest/16.MakeFromVectorWorks
[       OK ] ArrayRefTest/16.MakeFromVectorWorks (0 ms)
[ RUN      ] ArrayRefTest/16.ConstructFromStructFieldWithTemplateConstructorWorks
[       OK ] ArrayRefTest/16.ConstructFromStructFieldWithTemplateConstructorWorks (0 ms)
[----------] 8 tests from ArrayRefTest/16 (1 ms total)

[----------] 8 tests from ArrayRefTest/17, where TypeParam = gmx::ConstArrayRef<unsigned long>
[ RUN      ] ArrayRefTest/17.MakeWithAssignmentWorks
[       OK ] ArrayRefTest/17.MakeWithAssignmentWorks (0 ms)
[ RUN      ] ArrayRefTest/17.ConstructWithTemplateConstructorWorks
[       OK ] ArrayRefTest/17.ConstructWithTemplateConstructorWorks (0 ms)
[ RUN      ] ArrayRefTest/17.ConstructFromPointersWorks
[       OK ] ArrayRefTest/17.ConstructFromPointersWorks (0 ms)
[ RUN      ] ArrayRefTest/17.MakeFromPointersWorks
[       OK ] ArrayRefTest/17.MakeFromPointersWorks (0 ms)
[ RUN      ] ArrayRefTest/17.MakeFromArrayWorks
[       OK ] ArrayRefTest/17.MakeFromArrayWorks (0 ms)
[ RUN      ] ArrayRefTest/17.ConstructFromVectorWorks
[       OK ] ArrayRefTest/17.ConstructFromVectorWorks (0 ms)
[ RUN      ] ArrayRefTest/17.MakeFromVectorWorks
[       OK ] ArrayRefTest/17.MakeFromVectorWorks (0 ms)
[ RUN      ] ArrayRefTest/17.ConstructFromStructFieldWithTemplateConstructorWorks
[       OK ] ArrayRefTest/17.ConstructFromStructFieldWithTemplateConstructorWorks (0 ms)
[----------] 8 tests from ArrayRefTest/17 (0 ms total)

[----------] 8 tests from ArrayRefTest/18, where TypeParam = gmx::ConstArrayRef<float>
[ RUN      ] ArrayRefTest/18.MakeWithAssignmentWorks
[       OK ] ArrayRefTest/18.MakeWithAssignmentWorks (0 ms)
[ RUN      ] ArrayRefTest/18.ConstructWithTemplateConstructorWorks
[       OK ] ArrayRefTest/18.ConstructWithTemplateConstructorWorks (0 ms)
[ RUN      ] ArrayRefTest/18.ConstructFromPointersWorks
[       OK ] ArrayRefTest/18.ConstructFromPointersWorks (0 ms)
[ RUN      ] ArrayRefTest/18.MakeFromPointersWorks
[       OK ] ArrayRefTest/18.MakeFromPointersWorks (0 ms)
[ RUN      ] ArrayRefTest/18.MakeFromArrayWorks
[       OK ] ArrayRefTest/18.MakeFromArrayWorks (0 ms)
[ RUN      ] ArrayRefTest/18.ConstructFromVectorWorks
[       OK ] ArrayRefTest/18.ConstructFromVectorWorks (0 ms)
[ RUN      ] ArrayRefTest/18.MakeFromVectorWorks
[       OK ] ArrayRefTest/18.MakeFromVectorWorks (0 ms)
[ RUN      ] ArrayRefTest/18.ConstructFromStructFieldWithTemplateConstructorWorks
[       OK ] ArrayRefTest/18.ConstructFromStructFieldWithTemplateConstructorWorks (0 ms)
[----------] 8 tests from ArrayRefTest/18 (0 ms total)

[----------] 8 tests from ArrayRefTest/19, where TypeParam = gmx::ConstArrayRef<double>
[ RUN      ] ArrayRefTest/19.MakeWithAssignmentWorks
[       OK ] ArrayRefTest/19.MakeWithAssignmentWorks (0 ms)
[ RUN      ] ArrayRefTest/19.ConstructWithTemplateConstructorWorks
[       OK ] ArrayRefTest/19.ConstructWithTemplateConstructorWorks (0 ms)
[ RUN      ] ArrayRefTest/19.ConstructFromPointersWorks
[       OK ] ArrayRefTest/19.ConstructFromPointersWorks (0 ms)
[ RUN      ] ArrayRefTest/19.MakeFromPointersWorks
[       OK ] ArrayRefTest/19.MakeFromPointersWorks (0 ms)
[ RUN      ] ArrayRefTest/19.MakeFromArrayWorks
[       OK ] ArrayRefTest/19.MakeFromArrayWorks (0 ms)
[ RUN      ] ArrayRefTest/19.ConstructFromVectorWorks
[       OK ] ArrayRefTest/19.ConstructFromVectorWorks (0 ms)
[ RUN      ] ArrayRefTest/19.MakeFromVectorWorks
[       OK ] ArrayRefTest/19.MakeFromVectorWorks (0 ms)
[ RUN      ] ArrayRefTest/19.ConstructFromStructFieldWithTemplateConstructorWorks
[       OK ] ArrayRefTest/19.ConstructFromStructFieldWithTemplateConstructorWorks (0 ms)
[----------] 8 tests from ArrayRefTest/19 (0 ms total)

[----------] 5 tests from StringUtilityTest
[ RUN      ] StringUtilityTest.StartsWith
[       OK ] StringUtilityTest.StartsWith (0 ms)
[ RUN      ] StringUtilityTest.EndsWith
[       OK ] StringUtilityTest.EndsWith (0 ms)
[ RUN      ] StringUtilityTest.StripSuffixIfPresent
[       OK ] StringUtilityTest.StripSuffixIfPresent (0 ms)
[ RUN      ] StringUtilityTest.StripString
[       OK ] StringUtilityTest.StripString (0 ms)
[ RUN      ] StringUtilityTest.SplitString
[       OK ] StringUtilityTest.SplitString (0 ms)
[----------] 5 tests from StringUtilityTest (0 ms total)

[----------] 2 tests from FormatStringTest
[ RUN      ] FormatStringTest.HandlesBasicFormatting
[       OK ] FormatStringTest.HandlesBasicFormatting (0 ms)
[ RUN      ] FormatStringTest.HandlesLongStrings
[       OK ] FormatStringTest.HandlesLongStrings (0 ms)
[----------] 2 tests from FormatStringTest (0 ms total)

[----------] 1 test from StringFormatterTest
[ RUN      ] StringFormatterTest.HandlesBasicFormatting
[       OK ] StringFormatterTest.HandlesBasicFormatting (0 ms)
[----------] 1 test from StringFormatterTest (0 ms total)

[----------] 1 test from formatAndJoinTest
[ RUN      ] formatAndJoinTest.Works
[       OK ] formatAndJoinTest.Works (0 ms)
[----------] 1 test from formatAndJoinTest (0 ms total)

[----------] 1 test from JoinStringsTest
[ RUN      ] JoinStringsTest.Works
[       OK ] JoinStringsTest.Works (0 ms)
[----------] 1 test from JoinStringsTest (0 ms total)

[----------] 6 tests from ReplaceAllTest
[ RUN      ] ReplaceAllTest.HandlesEmptyStrings
[       OK ] ReplaceAllTest.HandlesEmptyStrings (0 ms)
[ RUN      ] ReplaceAllTest.HandlesNoMatches
[       OK ] ReplaceAllTest.HandlesNoMatches (0 ms)
[ RUN      ] ReplaceAllTest.HandlesMatchesAtEnds
[       OK ] ReplaceAllTest.HandlesMatchesAtEnds (0 ms)
[ RUN      ] ReplaceAllTest.HandlesMultipleMatches
[       OK ] ReplaceAllTest.HandlesMultipleMatches (0 ms)
[ RUN      ] ReplaceAllTest.HandlesWordBoundaries
[       OK ] ReplaceAllTest.HandlesWordBoundaries (0 ms)
[ RUN      ] ReplaceAllTest.HandlesPossibleRecursiveMatches
[       OK ] ReplaceAllTest.HandlesPossibleRecursiveMatches (0 ms)
[----------] 6 tests from ReplaceAllTest (0 ms total)

[----------] 9 tests from TextLineWrapperTest
[ RUN      ] TextLineWrapperTest.HandlesEmptyStrings
[       OK ] TextLineWrapperTest.HandlesEmptyStrings (6 ms)
[ RUN      ] TextLineWrapperTest.HandlesTrailingNewlines
[       OK ] TextLineWrapperTest.HandlesTrailingNewlines (0 ms)
[ RUN      ] TextLineWrapperTest.WrapsCorrectly
[       OK ] TextLineWrapperTest.WrapsCorrectly (2 ms)
[ RUN      ] TextLineWrapperTest.WrapsCorrectlyWithExistingBreaks
[       OK ] TextLineWrapperTest.WrapsCorrectlyWithExistingBreaks (1 ms)
[ RUN      ] TextLineWrapperTest.HandlesIndent
[       OK ] TextLineWrapperTest.HandlesIndent (1 ms)
[ RUN      ] TextLineWrapperTest.HandlesIndentWithEmptyLines
[       OK ] TextLineWrapperTest.HandlesIndentWithEmptyLines (1 ms)
[ RUN      ] TextLineWrapperTest.HandlesHangingIndent
[       OK ] TextLineWrapperTest.HandlesHangingIndent (1 ms)
[ RUN      ] TextLineWrapperTest.HandlesContinuationCharacter
[       OK ] TextLineWrapperTest.HandlesContinuationCharacter (0 ms)
[ RUN      ] TextLineWrapperTest.WrapsCorrectlyWithExtraWhitespace
[       OK ] TextLineWrapperTest.WrapsCorrectlyWithExtraWhitespace (1 ms)
[----------] 9 tests from TextLineWrapperTest (14 ms total)

[----------] 5 tests from BitmaskTest32_11/BitmaskTest32
[ RUN      ] BitmaskTest32_11/BitmaskTest32.SetAndClear/0
[       OK ] BitmaskTest32_11/BitmaskTest32.SetAndClear/0 (0 ms)
[ RUN      ] BitmaskTest32_11/BitmaskTest32.InitBit/0
[       OK ] BitmaskTest32_11/BitmaskTest32.InitBit/0 (0 ms)
[ RUN      ] BitmaskTest32_11/BitmaskTest32.InitLowBits/0
[       OK ] BitmaskTest32_11/BitmaskTest32.InitLowBits/0 (0 ms)
[ RUN      ] BitmaskTest32_11/BitmaskTest32.Disjoint/0
[       OK ] BitmaskTest32_11/BitmaskTest32.Disjoint/0 (0 ms)
[ RUN      ] BitmaskTest32_11/BitmaskTest32.Union/0
[       OK ] BitmaskTest32_11/BitmaskTest32.Union/0 (0 ms)
[----------] 5 tests from BitmaskTest32_11/BitmaskTest32 (1 ms total)

[----------] 10 tests from BitmaskTest64_10_42/BitmaskTest64
[ RUN      ] BitmaskTest64_10_42/BitmaskTest64.SetAndClear/0
[       OK ] BitmaskTest64_10_42/BitmaskTest64.SetAndClear/0 (0 ms)
[ RUN      ] BitmaskTest64_10_42/BitmaskTest64.SetAndClear/1
[       OK ] BitmaskTest64_10_42/BitmaskTest64.SetAndClear/1 (0 ms)
[ RUN      ] BitmaskTest64_10_42/BitmaskTest64.InitBit/0
[       OK ] BitmaskTest64_10_42/BitmaskTest64.InitBit/0 (0 ms)
[ RUN      ] BitmaskTest64_10_42/BitmaskTest64.InitBit/1
[       OK ] BitmaskTest64_10_42/BitmaskTest64.InitBit/1 (0 ms)
[ RUN      ] BitmaskTest64_10_42/BitmaskTest64.InitLowBits/0
[       OK ] BitmaskTest64_10_42/BitmaskTest64.InitLowBits/0 (0 ms)
[ RUN      ] BitmaskTest64_10_42/BitmaskTest64.InitLowBits/1
[       OK ] BitmaskTest64_10_42/BitmaskTest64.InitLowBits/1 (0 ms)
[ RUN      ] BitmaskTest64_10_42/BitmaskTest64.Disjoint/0
[       OK ] BitmaskTest64_10_42/BitmaskTest64.Disjoint/0 (0 ms)
[ RUN      ] BitmaskTest64_10_42/BitmaskTest64.Disjoint/1
[       OK ] BitmaskTest64_10_42/BitmaskTest64.Disjoint/1 (0 ms)
[ RUN      ] BitmaskTest64_10_42/BitmaskTest64.Union/0
[       OK ] BitmaskTest64_10_42/BitmaskTest64.Union/0 (0 ms)
[ RUN      ] BitmaskTest64_10_42/BitmaskTest64.Union/1
[       OK ] BitmaskTest64_10_42/BitmaskTest64.Union/1 (0 ms)
[----------] 10 tests from BitmaskTest64_10_42/BitmaskTest64 (0 ms total)

[----------] 10 tests from BitmaskTest128_9_78/BitmaskTest128
[ RUN      ] BitmaskTest128_9_78/BitmaskTest128.SetAndClear/0
[       OK ] BitmaskTest128_9_78/BitmaskTest128.SetAndClear/0 (0 ms)
[ RUN      ] BitmaskTest128_9_78/BitmaskTest128.SetAndClear/1
[       OK ] BitmaskTest128_9_78/BitmaskTest128.SetAndClear/1 (0 ms)
[ RUN      ] BitmaskTest128_9_78/BitmaskTest128.InitBit/0
[       OK ] BitmaskTest128_9_78/BitmaskTest128.InitBit/0 (0 ms)
[ RUN      ] BitmaskTest128_9_78/BitmaskTest128.InitBit/1
[       OK ] BitmaskTest128_9_78/BitmaskTest128.InitBit/1 (0 ms)
[ RUN      ] BitmaskTest128_9_78/BitmaskTest128.InitLowBits/0
[       OK ] BitmaskTest128_9_78/BitmaskTest128.InitLowBits/0 (0 ms)
[ RUN      ] BitmaskTest128_9_78/BitmaskTest128.InitLowBits/1
[       OK ] BitmaskTest128_9_78/BitmaskTest128.InitLowBits/1 (0 ms)
[ RUN      ] BitmaskTest128_9_78/BitmaskTest128.Disjoint/0
[       OK ] BitmaskTest128_9_78/BitmaskTest128.Disjoint/0 (0 ms)
[ RUN      ] BitmaskTest128_9_78/BitmaskTest128.Disjoint/1
[       OK ] BitmaskTest128_9_78/BitmaskTest128.Disjoint/1 (0 ms)
[ RUN      ] BitmaskTest128_9_78/BitmaskTest128.Union/0
[       OK ] BitmaskTest128_9_78/BitmaskTest128.Union/0 (0 ms)
[ RUN      ] BitmaskTest128_9_78/BitmaskTest128.Union/1
[       OK ] BitmaskTest128_9_78/BitmaskTest128.Union/1 (0 ms)
[----------] 10 tests from BitmaskTest128_9_78/BitmaskTest128 (0 ms total)

[----------] Global test environment tear-down
[==========] 212 tests from 32 test cases ran. (19 ms total)
[  PASSED  ] 212 tests.
<end of output>
Test time =   0.05 sec
----------------------------------------------------------
Test Passed.
"UtilityUnitTests" end time: Oct 09 15:17 CEST
"UtilityUnitTests" time elapsed: 00:00:00
----------------------------------------------------------

10/19 Testing: FileIOTests
10/19 Test: FileIOTests
Command: "/home/mi/johnwhittake/software/gromacs-510-fcDelta/build/bin/fileio-test" "--gtest_output=xml:/home/mi/johnwhittake/software/gromacs-510-fcDelta/build/Testing/Temporary/FileIOTests.xml"
Directory: /home/mi/johnwhittake/software/gromacs-510-fcDelta/build/src/gromacs/fileio/tests
"FileIOTests" start time: Oct 09 15:17 CEST
Output:
----------------------------------------------------------
[==========] Running 2 tests from 1 test case.
[----------] Global test environment set-up.
[----------] 2 tests from TngTest
[ RUN      ] TngTest.CanOpenTngFile
[       OK ] TngTest.CanOpenTngFile (3 ms)
[ RUN      ] TngTest.CloseBeforeOpenIsNotFatal
[       OK ] TngTest.CloseBeforeOpenIsNotFatal (0 ms)
[----------] 2 tests from TngTest (3 ms total)

[----------] Global test environment tear-down
[==========] 2 tests from 1 test case ran. (3 ms total)
[  PASSED  ] 2 tests.
<end of output>
Test time =   0.02 sec
----------------------------------------------------------
Test Passed.
"FileIOTests" end time: Oct 09 15:17 CEST
"FileIOTests" time elapsed: 00:00:00
----------------------------------------------------------

11/19 Testing: SimdUnitTests
11/19 Test: SimdUnitTests
Command: "/home/mi/johnwhittake/software/gromacs-510-fcDelta/build/bin/simd-test" "--gtest_output=xml:/home/mi/johnwhittake/software/gromacs-510-fcDelta/build/Testing/Temporary/SimdUnitTests.xml"
Directory: /home/mi/johnwhittake/software/gromacs-510-fcDelta/build/src/gromacs/simd/tests
"SimdUnitTests" start time: Oct 09 15:17 CEST
Output:
----------------------------------------------------------
[==========] Running 140 tests from 8 test cases.
[----------] Global test environment set-up.
[----------] 10 tests from SimdBootstrapTest
[ RUN      ] SimdBootstrapTest.gmxSimdAlign
[       OK ] SimdBootstrapTest.gmxSimdAlign (0 ms)
[ RUN      ] SimdBootstrapTest.gmxSimdLoadStoreR
[       OK ] SimdBootstrapTest.gmxSimdLoadStoreR (0 ms)
[ RUN      ] SimdBootstrapTest.gmxSimdLoadUR
[       OK ] SimdBootstrapTest.gmxSimdLoadUR (0 ms)
[ RUN      ] SimdBootstrapTest.gmxSimdStoreUR
[       OK ] SimdBootstrapTest.gmxSimdStoreUR (0 ms)
[ RUN      ] SimdBootstrapTest.gmxSimdLoadStoreI
[       OK ] SimdBootstrapTest.gmxSimdLoadStoreI (0 ms)
[ RUN      ] SimdBootstrapTest.gmxSimdLoadUI
[       OK ] SimdBootstrapTest.gmxSimdLoadUI (0 ms)
[ RUN      ] SimdBootstrapTest.gmxSimdStoreUI
[       OK ] SimdBootstrapTest.gmxSimdStoreUI (0 ms)
[ RUN      ] SimdBootstrapTest.gmxSimd4LoadStoreR
[       OK ] SimdBootstrapTest.gmxSimd4LoadStoreR (0 ms)
[ RUN      ] SimdBootstrapTest.gmxSimd4LoadUR
[       OK ] SimdBootstrapTest.gmxSimd4LoadUR (0 ms)
[ RUN      ] SimdBootstrapTest.gmxSimd4StoreUR
[       OK ] SimdBootstrapTest.gmxSimd4StoreUR (0 ms)
[----------] 10 tests from SimdBootstrapTest (0 ms total)

[----------] 35 tests from SimdFloatingpointTest
[ RUN      ] SimdFloatingpointTest.gmxSimdSetZeroR
[       OK ] SimdFloatingpointTest.gmxSimdSetZeroR (0 ms)
[ RUN      ] SimdFloatingpointTest.gmxSimdSet1R
[       OK ] SimdFloatingpointTest.gmxSimdSet1R (0 ms)
[ RUN      ] SimdFloatingpointTest.gmxSimdLoad1R
[       OK ] SimdFloatingpointTest.gmxSimdLoad1R (0 ms)
[ RUN      ] SimdFloatingpointTest.gmxSimdAddR
[       OK ] SimdFloatingpointTest.gmxSimdAddR (0 ms)
[ RUN      ] SimdFloatingpointTest.gmxSimdSubR
[       OK ] SimdFloatingpointTest.gmxSimdSubR (0 ms)
[ RUN      ] SimdFloatingpointTest.gmxSimdMulR
[       OK ] SimdFloatingpointTest.gmxSimdMulR (0 ms)
[ RUN      ] SimdFloatingpointTest.gmxSimdFmaddR
[       OK ] SimdFloatingpointTest.gmxSimdFmaddR (0 ms)
[ RUN      ] SimdFloatingpointTest.gmxSimdFmsubR
[       OK ] SimdFloatingpointTest.gmxSimdFmsubR (0 ms)
[ RUN      ] SimdFloatingpointTest.gmxSimdFnmaddR
[       OK ] SimdFloatingpointTest.gmxSimdFnmaddR (0 ms)
[ RUN      ] SimdFloatingpointTest.gmxSimdFnmsubR
[       OK ] SimdFloatingpointTest.gmxSimdFnmsubR (0 ms)
[ RUN      ] SimdFloatingpointTest.gmxSimdFabsR
[       OK ] SimdFloatingpointTest.gmxSimdFabsR (0 ms)
[ RUN      ] SimdFloatingpointTest.gmxSimdFnegR
[       OK ] SimdFloatingpointTest.gmxSimdFnegR (0 ms)
[ RUN      ] SimdFloatingpointTest.gmxSimdAndR
[       OK ] SimdFloatingpointTest.gmxSimdAndR (0 ms)
[ RUN      ] SimdFloatingpointTest.gmxSimdOrR
[       OK ] SimdFloatingpointTest.gmxSimdOrR (0 ms)
[ RUN      ] SimdFloatingpointTest.gmxSimdXorR
[       OK ] SimdFloatingpointTest.gmxSimdXorR (0 ms)
[ RUN      ] SimdFloatingpointTest.gmxSimdAndnotR
[       OK ] SimdFloatingpointTest.gmxSimdAndnotR (0 ms)
[ RUN      ] SimdFloatingpointTest.gmxSimdMaxR
[       OK ] SimdFloatingpointTest.gmxSimdMaxR (0 ms)
[ RUN      ] SimdFloatingpointTest.gmxSimdMinR
[       OK ] SimdFloatingpointTest.gmxSimdMinR (0 ms)
[ RUN      ] SimdFloatingpointTest.gmxSimdRoundR
[       OK ] SimdFloatingpointTest.gmxSimdRoundR (0 ms)
[ RUN      ] SimdFloatingpointTest.gmxSimdTruncR
[       OK ] SimdFloatingpointTest.gmxSimdTruncR (0 ms)
[ RUN      ] SimdFloatingpointTest.gmxSimdFractionR
[       OK ] SimdFloatingpointTest.gmxSimdFractionR (0 ms)
[ RUN      ] SimdFloatingpointTest.gmxSimdGetExponentR
[       OK ] SimdFloatingpointTest.gmxSimdGetExponentR (0 ms)
[ RUN      ] SimdFloatingpointTest.gmxSimdGetMantissaR
[       OK ] SimdFloatingpointTest.gmxSimdGetMantissaR (0 ms)
[ RUN      ] SimdFloatingpointTest.gmxSimdSetExponentR
[       OK ] SimdFloatingpointTest.gmxSimdSetExponentR (0 ms)
[ RUN      ] SimdFloatingpointTest.gmxSimdRsqrtR
[       OK ] SimdFloatingpointTest.gmxSimdRsqrtR (0 ms)
[ RUN      ] SimdFloatingpointTest.gmxSimdRcpR
[       OK ] SimdFloatingpointTest.gmxSimdRcpR (0 ms)
[ RUN      ] SimdFloatingpointTest.gmxSimdBoolCmpEqAndBlendZeroR
[       OK ] SimdFloatingpointTest.gmxSimdBoolCmpEqAndBlendZeroR (0 ms)
[ RUN      ] SimdFloatingpointTest.gmxSimdBlendNotZeroR
[       OK ] SimdFloatingpointTest.gmxSimdBlendNotZeroR (0 ms)
[ RUN      ] SimdFloatingpointTest.gmxSimdBoolCmpLER
[       OK ] SimdFloatingpointTest.gmxSimdBoolCmpLER (0 ms)
[ RUN      ] SimdFloatingpointTest.gmxSimdBoolCmpLTR
[       OK ] SimdFloatingpointTest.gmxSimdBoolCmpLTR (0 ms)
[ RUN      ] SimdFloatingpointTest.gmxSimdBoolAndB
[       OK ] SimdFloatingpointTest.gmxSimdBoolAndB (0 ms)
[ RUN      ] SimdFloatingpointTest.gmxSimdBoolOrB
[       OK ] SimdFloatingpointTest.gmxSimdBoolOrB (0 ms)
[ RUN      ] SimdFloatingpointTest.gmxSimdAnytrueB
[       OK ] SimdFloatingpointTest.gmxSimdAnytrueB (0 ms)
[ RUN      ] SimdFloatingpointTest.gmxSimdBlendvR
[       OK ] SimdFloatingpointTest.gmxSimdBlendvR (0 ms)
[ RUN      ] SimdFloatingpointTest.gmxSimdReduceR
[       OK ] SimdFloatingpointTest.gmxSimdReduceR (0 ms)
[----------] 35 tests from SimdFloatingpointTest (1 ms total)

[----------] 4 tests from SimdVectorOperationsTest
[ RUN      ] SimdVectorOperationsTest.gmxSimdCalcRsqR
[       OK ] SimdVectorOperationsTest.gmxSimdCalcRsqR (0 ms)
[ RUN      ] SimdVectorOperationsTest.gmxSimdIprodR
[       OK ] SimdVectorOperationsTest.gmxSimdIprodR (0 ms)
[ RUN      ] SimdVectorOperationsTest.gmxSimdNorm2R
[       OK ] SimdVectorOperationsTest.gmxSimdNorm2R (0 ms)
[ RUN      ] SimdVectorOperationsTest.gmxSimdCprodR
[       OK ] SimdVectorOperationsTest.gmxSimdCprodR (0 ms)
[----------] 4 tests from SimdVectorOperationsTest (0 ms total)

[----------] 37 tests from SimdMathTest
[ RUN      ] SimdMathTest.gmxSimdXorSignR
[       OK ] SimdMathTest.gmxSimdXorSignR (0 ms)
[ RUN      ] SimdMathTest.gmxSimdInvsqrtR
[       OK ] SimdMathTest.gmxSimdInvsqrtR (1 ms)
[ RUN      ] SimdMathTest.gmxSimdInvsqrtPairR
[       OK ] SimdMathTest.gmxSimdInvsqrtPairR (0 ms)
[ RUN      ] SimdMathTest.gmxSimdSqrtR
[       OK ] SimdMathTest.gmxSimdSqrtR (0 ms)
[ RUN      ] SimdMathTest.gmxSimdInvR
[       OK ] SimdMathTest.gmxSimdInvR (0 ms)
[ RUN      ] SimdMathTest.gmxSimdLogR
[       OK ] SimdMathTest.gmxSimdLogR (1 ms)
[ RUN      ] SimdMathTest.gmxSimdExp2R
[       OK ] SimdMathTest.gmxSimdExp2R (1 ms)
[ RUN      ] SimdMathTest.gmxSimdExpR
[       OK ] SimdMathTest.gmxSimdExpR (0 ms)
[ RUN      ] SimdMathTest.gmxSimdErfR
[       OK ] SimdMathTest.gmxSimdErfR (1 ms)
[ RUN      ] SimdMathTest.gmxSimdErfcR
[       OK ] SimdMathTest.gmxSimdErfcR (1 ms)
[ RUN      ] SimdMathTest.gmxSimdSinR
[       OK ] SimdMathTest.gmxSimdSinR (1 ms)
[ RUN      ] SimdMathTest.gmxSimdCosR
[       OK ] SimdMathTest.gmxSimdCosR (1 ms)
[ RUN      ] SimdMathTest.gmxSimdTanR
[       OK ] SimdMathTest.gmxSimdTanR (2 ms)
[ RUN      ] SimdMathTest.gmxSimdAsinR
[       OK ] SimdMathTest.gmxSimdAsinR (0 ms)
[ RUN      ] SimdMathTest.gmxSimdAcosR
[       OK ] SimdMathTest.gmxSimdAcosR (0 ms)
[ RUN      ] SimdMathTest.gmxSimdAtanR
[       OK ] SimdMathTest.gmxSimdAtanR (1 ms)
[ RUN      ] SimdMathTest.gmxSimdAtan2R
[       OK ] SimdMathTest.gmxSimdAtan2R (0 ms)
[ RUN      ] SimdMathTest.gmxSimdPmecorrForceR
[       OK ] SimdMathTest.gmxSimdPmecorrForceR (1 ms)
[ RUN      ] SimdMathTest.gmxSimdPmecorrPotentialR
[       OK ] SimdMathTest.gmxSimdPmecorrPotentialR (0 ms)
[ RUN      ] SimdMathTest.gmxSimdInvsqrtSingleaccuracyR
[       OK ] SimdMathTest.gmxSimdInvsqrtSingleaccuracyR (0 ms)
[ RUN      ] SimdMathTest.gmxSimdInvsqrtPairSingleaccuracyR
[       OK ] SimdMathTest.gmxSimdInvsqrtPairSingleaccuracyR (0 ms)
[ RUN      ] SimdMathTest.gmxSimdSqrtSingleaccuracyR
[       OK ] SimdMathTest.gmxSimdSqrtSingleaccuracyR (0 ms)
[ RUN      ] SimdMathTest.gmxSimdInvSingleaccuracyR
[       OK ] SimdMathTest.gmxSimdInvSingleaccuracyR (1 ms)
[ RUN      ] SimdMathTest.gmxSimdLogSingleaccuracyR
[       OK ] SimdMathTest.gmxSimdLogSingleaccuracyR (1 ms)
[ RUN      ] SimdMathTest.gmxSimdExp2SingleaccuracyR
[       OK ] SimdMathTest.gmxSimdExp2SingleaccuracyR (0 ms)
[ RUN      ] SimdMathTest.gmxSimdExpSingleaccuracyR
[       OK ] SimdMathTest.gmxSimdExpSingleaccuracyR (0 ms)
[ RUN      ] SimdMathTest.gmxSimdErfSingleaccuracyR
[       OK ] SimdMathTest.gmxSimdErfSingleaccuracyR (1 ms)
[ RUN      ] SimdMathTest.gmxSimdErfcSingleaccuracyR
[       OK ] SimdMathTest.gmxSimdErfcSingleaccuracyR (1 ms)
[ RUN      ] SimdMathTest.gmxSimdSinSingleaccuracyR
[       OK ] SimdMathTest.gmxSimdSinSingleaccuracyR (2 ms)
[ RUN      ] SimdMathTest.gmxSimdCosSingleaccuracyR
[       OK ] SimdMathTest.gmxSimdCosSingleaccuracyR (2 ms)
[ RUN      ] SimdMathTest.gmxSimdTanSingleaccuracyR
[       OK ] SimdMathTest.gmxSimdTanSingleaccuracyR (1 ms)
[ RUN      ] SimdMathTest.gmxSimdAsinSingleaccuracyR
[       OK ] SimdMathTest.gmxSimdAsinSingleaccuracyR (1 ms)
[ RUN      ] SimdMathTest.gmxSimdAcosSingleaccuracyR
[       OK ] SimdMathTest.gmxSimdAcosSingleaccuracyR (0 ms)
[ RUN      ] SimdMathTest.gmxSimdAtanSingleaccuracyR
[       OK ] SimdMathTest.gmxSimdAtanSingleaccuracyR (0 ms)
[ RUN      ] SimdMathTest.gmxSimdAtan2SingleaccuracyR
[       OK ] SimdMathTest.gmxSimdAtan2SingleaccuracyR (0 ms)
[ RUN      ] SimdMathTest.gmxSimdPmecorrForceSingleaccuracyR
[       OK ] SimdMathTest.gmxSimdPmecorrForceSingleaccuracyR (0 ms)
[ RUN      ] SimdMathTest.gmxSimdPmecorrPotentialSingleaccuracyR
[       OK ] SimdMathTest.gmxSimdPmecorrPotentialSingleaccuracyR (1 ms)
[----------] 37 tests from SimdMathTest (32 ms total)

[----------] 24 tests from SimdIntegerTest
[ RUN      ] SimdIntegerTest.gmxSimdSetZeroI
[       OK ] SimdIntegerTest.gmxSimdSetZeroI (0 ms)
[ RUN      ] SimdIntegerTest.gmxSimdSet1I
[       OK ] SimdIntegerTest.gmxSimdSet1I (0 ms)
[ RUN      ] SimdIntegerTest.gmxSimdAddI
[       OK ] SimdIntegerTest.gmxSimdAddI (0 ms)
[ RUN      ] SimdIntegerTest.gmxSimdSubI
[       OK ] SimdIntegerTest.gmxSimdSubI (0 ms)
[ RUN      ] SimdIntegerTest.gmxSimdMulI
[       OK ] SimdIntegerTest.gmxSimdMulI (0 ms)
[ RUN      ] SimdIntegerTest.gmxSimdSlliI
[       OK ] SimdIntegerTest.gmxSimdSlliI (0 ms)
[ RUN      ] SimdIntegerTest.gmxSimdSrliI
[       OK ] SimdIntegerTest.gmxSimdSrliI (0 ms)
[ RUN      ] SimdIntegerTest.gmxSimdAndI
[       OK ] SimdIntegerTest.gmxSimdAndI (0 ms)
[ RUN      ] SimdIntegerTest.gmxSimdAndnotI
[       OK ] SimdIntegerTest.gmxSimdAndnotI (0 ms)
[ RUN      ] SimdIntegerTest.gmxSimdOrI
[       OK ] SimdIntegerTest.gmxSimdOrI (0 ms)
[ RUN      ] SimdIntegerTest.gmxSimdXorI
[       OK ] SimdIntegerTest.gmxSimdXorI (0 ms)
[ RUN      ] SimdIntegerTest.gmxSimdExtractI
[       OK ] SimdIntegerTest.gmxSimdExtractI (0 ms)
[ RUN      ] SimdIntegerTest.gmxSimdCvtR2I
[       OK ] SimdIntegerTest.gmxSimdCvtR2I (0 ms)
[ RUN      ] SimdIntegerTest.gmxSimdCvttR2I
[       OK ] SimdIntegerTest.gmxSimdCvttR2I (0 ms)
[ RUN      ] SimdIntegerTest.gmxSimdCvtI2R
[       OK ] SimdIntegerTest.gmxSimdCvtI2R (0 ms)
[ RUN      ] SimdIntegerTest.gmxSimdBoolCmpEqAndBlendZeroI
[       OK ] SimdIntegerTest.gmxSimdBoolCmpEqAndBlendZeroI (0 ms)
[ RUN      ] SimdIntegerTest.gmxSimdBlendNotZeroI
[       OK ] SimdIntegerTest.gmxSimdBlendNotZeroI (0 ms)
[ RUN      ] SimdIntegerTest.gmxSimdBoolCmpLTI
[       OK ] SimdIntegerTest.gmxSimdBoolCmpLTI (0 ms)
[ RUN      ] SimdIntegerTest.gmxSimdBoolAndIB
[       OK ] SimdIntegerTest.gmxSimdBoolAndIB (0 ms)
[ RUN      ] SimdIntegerTest.gmxSimdBoolOrIB
[       OK ] SimdIntegerTest.gmxSimdBoolOrIB (0 ms)
[ RUN      ] SimdIntegerTest.gmxSimdAnytrueIB
[       OK ] SimdIntegerTest.gmxSimdAnytrueIB (0 ms)
[ RUN      ] SimdIntegerTest.gmxSimdBlendvI
[       OK ] SimdIntegerTest.gmxSimdBlendvI (0 ms)
[ RUN      ] SimdIntegerTest.gmxSimdCvtB2IB
[       OK ] SimdIntegerTest.gmxSimdCvtB2IB (0 ms)
[ RUN      ] SimdIntegerTest.gmxSimdCvtIB2B
[       OK ] SimdIntegerTest.gmxSimdCvtIB2B (0 ms)
[----------] 24 tests from SimdIntegerTest (1 ms total)

[----------] 27 tests from Simd4FloatingpointTest
[ RUN      ] Simd4FloatingpointTest.gmxSimd4SetZeroR
[       OK ] Simd4FloatingpointTest.gmxSimd4SetZeroR (0 ms)
[ RUN      ] Simd4FloatingpointTest.gmxSimd4Set1R
[       OK ] Simd4FloatingpointTest.gmxSimd4Set1R (0 ms)
[ RUN      ] Simd4FloatingpointTest.gmxSimd4Load1R
[       OK ] Simd4FloatingpointTest.gmxSimd4Load1R (0 ms)
[ RUN      ] Simd4FloatingpointTest.gmxSimd4AddR
[       OK ] Simd4FloatingpointTest.gmxSimd4AddR (0 ms)
[...]
  /home/mi/johnwhittake/software/gromacs-510-fcDelta/build/src/programs/mdrun/tests/Testing/Temporary/CanWrite_NptTrajectories_WithDifferentPcoupl_1_input.mdp did not specify a value for the .mdp option "cutoff-scheme". Probably it
  was first intended for use with GROMACS before 4.6. In 4.6, the Verlet
  scheme was introduced, but the group scheme was still the default. The
  default is now the Verlet scheme, so you will observe different behaviour.

Setting the LD random seed to 2411188957
Generated 279 of the 1225 non-bonded parameter combinations
Excluding 2 bonded neighbours molecule type 'Methanol'
Excluding 2 bonded neighbours molecule type 'SOL'
Removing all charge groups because cutoff-scheme=Verlet
Number of degrees of freedom in T-Coupling group System is 12.00

NOTE 2 [file /home/mi/johnwhittake/software/gromacs-510-fcDelta/build/src/programs/mdrun/tests/Testing/Temporary/CanWrite_NptTrajectories_WithDifferentPcoupl_1_input.mdp]:
  You are using a plain Coulomb cut-off, which might produce artifacts.
  You might want to consider using PME electrostatics.



There were 2 notes

Running on 1 node with total 4 cores, 4 logical cores
Hardware detected:
  CPU info:
    Vendor: GenuineIntel
    Brand:  Intel(R) Core(TM) i5-4590 CPU @ 3.30GHz
    SIMD instructions most likely to fit this hardware: AVX2_256
    SIMD instructions selected at GROMACS compile time: AVX2_256

Reading file /home/mi/johnwhittake/software/gromacs-510-fcDelta/build/src/programs/mdrun/tests/Testing/Temporary/CanWrite_NptTrajectories_WithDifferentPcoupl_1.tpr, VERSION 5.1 (single precision)
Changing nstlist from 10 to 25, rlist from 1.022 to 1.076

Using 1 MPI thread
Using 1 OpenMP thread 

starting mdrun 'spc-and-methanol'
2 steps,      0.0 ps.
Determining Verlet buffer for a tolerance of 0.005 kJ/mol/ps at 298 K
Calculated rlist for 1x1 atom pair-list as 1.025 nm, buffer size 0.025 nm
Set rlist, assuming 4x4 atom pair-list, to 1.022 nm, buffer size 0.022 nm
Note that mdrun will redetermine rlist based on the actual pair-list setup
This run will generate roughly 0 Mb of data

Writing final coordinates.

               Core t (s)   Wall t (s)        (%)
       Time:        0.002        0.024        6.3
                 (ns/day)    (hour/ns)
Performance:       10.661        2.251
[       OK ] CanWrite/NptTrajectories.WithDifferentPcoupl/1 (53 ms)
[ RUN      ] CanWrite/NptTrajectories.WithDifferentPcoupl/2

NOTE 1 [file /home/mi/johnwhittake/software/gromacs-510-fcDelta/build/src/programs/mdrun/tests/Testing/Temporary/CanWrite_NptTrajectories_WithDifferentPcoupl_2_input.mdp, line 13]:
  /home/mi/johnwhittake/software/gromacs-510-fcDelta/build/src/programs/mdrun/tests/Testing/Temporary/CanWrite_NptTrajectories_WithDifferentPcoupl_2_input.mdp did not specify a value for the .mdp option "cutoff-scheme". Probably it
  was first intended for use with GROMACS before 4.6. In 4.6, the Verlet
  scheme was introduced, but the group scheme was still the default. The
  default is now the Verlet scheme, so you will observe different behaviour.

Setting the LD random seed to 1591708755
Generated 279 of the 1225 non-bonded parameter combinations
Excluding 2 bonded neighbours molecule type 'Methanol'
Excluding 2 bonded neighbours molecule type 'SOL'
Removing all charge groups because cutoff-scheme=Verlet
Number of degrees of freedom in T-Coupling group System is 12.00

NOTE 2 [file /home/mi/johnwhittake/software/gromacs-510-fcDelta/build/src/programs/mdrun/tests/Testing/Temporary/CanWrite_NptTrajectories_WithDifferentPcoupl_2_input.mdp]:
  You are using a plain Coulomb cut-off, which might produce artifacts.
  You might want to consider using PME electrostatics.



There were 2 notes

Running on 1 node with total 4 cores, 4 logical cores
Hardware detected:
  CPU info:
    Vendor: GenuineIntel
    Brand:  Intel(R) Core(TM) i5-4590 CPU @ 3.30GHz
    SIMD instructions most likely to fit this hardware: AVX2_256
    SIMD instructions selected at GROMACS compile time: AVX2_256

Reading file /home/mi/johnwhittake/software/gromacs-510-fcDelta/build/src/programs/mdrun/tests/Testing/Temporary/CanWrite_NptTrajectories_WithDifferentPcoupl_2.tpr, VERSION 5.1 (single precision)
Changing nstlist from 10 to 25, rlist from 1.022 to 1.076

Using 1 MPI thread
Using 1 OpenMP thread 

starting mdrun 'spc-and-methanol'
2 steps,      0.0 ps.
Determining Verlet buffer for a tolerance of 0.005 kJ/mol/ps at 298 K
Calculated rlist for 1x1 atom pair-list as 1.025 nm, buffer size 0.025 nm
Set rlist, assuming 4x4 atom pair-list, to 1.022 nm, buffer size 0.022 nm
Note that mdrun will redetermine rlist based on the actual pair-list setup
This run will generate roughly 0 Mb of data

Writing final coordinates.

               Core t (s)   Wall t (s)        (%)
       Time:        0.002        0.022        7.2
                 (ns/day)    (hour/ns)
Performance:       11.813        2.032
[       OK ] CanWrite/NptTrajectories.WithDifferentPcoupl/2 (53 ms)
[----------] 3 tests from CanWrite/NptTrajectories (143 ms total)

[----------] 3 tests from WithDifferentMdpOptions/CompressedXOutputTest
[ RUN      ] WithDifferentMdpOptions/CompressedXOutputTest.ExitsNormally/0

NOTE 1 [file /home/mi/johnwhittake/software/gromacs-510-fcDelta/build/src/programs/mdrun/tests/Testing/Temporary/WithDifferentMdpOptions_CompressedXOutputTest_ExitsNormally_0_input.mdp]:
  The group cutoff scheme is deprecated since GROMACS 5.0 and will be
  removed in a future release when all interaction forms are supported for
  the verlet scheme. The verlet scheme already scales better, and it is
  compatible with GPUs and other accelerators.


NOTE 2 [file /home/mi/johnwhittake/software/gromacs-510-fcDelta/build/src/programs/mdrun/tests/Testing/Temporary/WithDifferentMdpOptions_CompressedXOutputTest_ExitsNormally_0_input.mdp]:
  You are using a cut-off for VdW interactions with NVE, for good energy
  conservation use vdwtype = Shift (possibly with DispCorr)


NOTE 3 [file /home/mi/johnwhittake/software/gromacs-510-fcDelta/build/src/programs/mdrun/tests/Testing/Temporary/WithDifferentMdpOptions_CompressedXOutputTest_ExitsNormally_0_input.mdp]:
  You are using a cut-off for electrostatics with NVE, for good energy
  conservation use coulombtype = PME-Switch or Reaction-Field-zero

Setting the LD random seed to 3567558931
Generated 330891 of the 330891 non-bonded parameter combinations
Generating 1-4 interactions: fudge = 0.5
Generated 330891 of the 330891 1-4 parameter combinations
Excluding 2 bonded neighbours molecule type 'SOL'
Number of degrees of freedom in T-Coupling group rest is 9.00

NOTE 4 [file /home/mi/johnwhittake/software/gromacs-510-fcDelta/build/src/programs/mdrun/tests/Testing/Temporary/WithDifferentMdpOptions_CompressedXOutputTest_ExitsNormally_0_input.mdp]:
  You are using a plain Coulomb cut-off, which might produce artifacts.
  You might want to consider using PME electrostatics.



There were 4 notes

Running on 1 node with total 4 cores, 4 logical cores
Hardware detected:
  CPU info:
    Vendor: GenuineIntel
    Brand:  Intel(R) Core(TM) i5-4590 CPU @ 3.30GHz
    SIMD instructions most likely to fit this hardware: AVX2_256
    SIMD instructions selected at GROMACS compile time: AVX2_256

Reading file /home/mi/johnwhittake/software/gromacs-510-fcDelta/build/src/programs/mdrun/tests/Testing/Temporary/WithDifferentMdpOptions_CompressedXOutputTest_ExitsNormally_0.tpr, VERSION 5.1 (single precision)
Using 1 MPI thread


NOTE: This file uses the deprecated 'group' cutoff_scheme. This will be
removed in a future release when 'verlet' supports all interaction forms.

starting mdrun 'spc2'
1 steps,      0.0 ps.
Largest charge group radii for Van der Waals: 0.039, 0.039 nm
Largest charge group radii for Coulomb:       0.084, 0.084 nm
This run will generate roughly 0 Mb of data

Writing final coordinates.

               Core t (s)   Wall t (s)        (%)
       Time:        0.001        0.006       18.3
                 (ns/day)    (hour/ns)
Performance:       31.271        0.767
Reading frame       0 time    0.000   
# Atoms  6
Reading frame       1 time    0.001   Last frame          1 time    0.001   


Item        #frames Timestep (ps)
Step             2    0.001
Time             2    0.001
Lambda           0
Coords           2    0.001
Velocities       0
Forces           0
Box              2    0.001
Checking file /home/mi/johnwhittake/software/gromacs-510-fcDelta/build/src/programs/mdrun/tests/Testing/Temporary/WithDifferentMdpOptions_CompressedXOutputTest_ExitsNormally_0.xtc
[       OK ] WithDifferentMdpOptions/CompressedXOutputTest.ExitsNormally/0 (120 ms)
[ RUN      ] WithDifferentMdpOptions/CompressedXOutputTest.ExitsNormally/1

NOTE 1 [file /home/mi/johnwhittake/software/gromacs-510-fcDelta/build/src/programs/mdrun/tests/Testing/Temporary/WithDifferentMdpOptions_CompressedXOutputTest_ExitsNormally_1_input.mdp]:
  The group cutoff scheme is deprecated since GROMACS 5.0 and will be
  removed in a future release when all interaction forms are supported for
  the verlet scheme. The verlet scheme already scales better, and it is
  compatible with GPUs and other accelerators.


NOTE 2 [file /home/mi/johnwhittake/software/gromacs-510-fcDelta/build/src/programs/mdrun/tests/Testing/Temporary/WithDifferentMdpOptions_CompressedXOutputTest_ExitsNormally_1_input.mdp]:
  You are using a cut-off for VdW interactions with NVE, for good energy
  conservation use vdwtype = Shift (possibly with DispCorr)


NOTE 3 [file /home/mi/johnwhittake/software/gromacs-510-fcDelta/build/src/programs/mdrun/tests/Testing/Temporary/WithDifferentMdpOptions_CompressedXOutputTest_ExitsNormally_1_input.mdp]:
  You are using a cut-off for electrostatics with NVE, for good energy
  conservation use coulombtype = PME-Switch or Reaction-Field-zero

Setting the LD random seed to 446815093
Generated 330891 of the 330891 non-bonded parameter combinations
Generating 1-4 interactions: fudge = 0.5
Generated 330891 of the 330891 1-4 parameter combinations
Excluding 2 bonded neighbours molecule type 'SOL'
Number of degrees of freedom in T-Coupling group rest is 9.00

NOTE 4 [file /home/mi/johnwhittake/software/gromacs-510-fcDelta/build/src/programs/mdrun/tests/Testing/Temporary/WithDifferentMdpOptions_CompressedXOutputTest_ExitsNormally_1_input.mdp]:
  You are using a plain Coulomb cut-off, which might produce artifacts.
  You might want to consider using PME electrostatics.



There were 4 notes

Running on 1 node with total 4 cores, 4 logical cores
Hardware detected:
  CPU info:
    Vendor: GenuineIntel
    Brand:  Intel(R) Core(TM) i5-4590 CPU @ 3.30GHz
    SIMD instructions most likely to fit this hardware: AVX2_256
    SIMD instructions selected at GROMACS compile time: AVX2_256

Reading file /home/mi/johnwhittake/software/gromacs-510-fcDelta/build/src/programs/mdrun/tests/Testing/Temporary/WithDifferentMdpOptions_CompressedXOutputTest_ExitsNormally_1.tpr, VERSION 5.1 (single precision)
Using 1 MPI thread


NOTE: This file uses the deprecated 'group' cutoff_scheme. This will be
removed in a future release when 'verlet' supports all interaction forms.

starting mdrun 'spc2'
1 steps,      0.0 ps.
Largest charge group radii for Van der Waals: 0.039, 0.039 nm
Largest charge group radii for Coulomb:       0.084, 0.084 nm
This run will generate roughly 0 Mb of data

Writing final coordinates.

               Core t (s)   Wall t (s)        (%)
       Time:        0.001        0.006       17.4
                 (ns/day)    (hour/ns)
Performance:       27.615        0.869
Reading frame       0 time    0.000   
# Atoms  6
Reading frame       1 time    0.001   Last frame          1 time    0.001   


Item        #frames Timestep (ps)
Step             2    0.001
Time             2    0.001
Lambda           0
Coords           2    0.001
Velocities       0
Forces           0
Box              2    0.001
Checking file /home/mi/johnwhittake/software/gromacs-510-fcDelta/build/src/programs/mdrun/tests/Testing/Temporary/WithDifferentMdpOptions_CompressedXOutputTest_ExitsNormally_1.xtc
[       OK ] WithDifferentMdpOptions/CompressedXOutputTest.ExitsNormally/1 (113 ms)
[ RUN      ] WithDifferentMdpOptions/CompressedXOutputTest.ExitsNormally/2

NOTE 1 [file /home/mi/johnwhittake/software/gromacs-510-fcDelta/build/src/programs/mdrun/tests/Testing/Temporary/WithDifferentMdpOptions_CompressedXOutputTest_ExitsNormally_2_input.mdp]:
  The group cutoff scheme is deprecated since GROMACS 5.0 and will be
  removed in a future release when all interaction forms are supported for
  the verlet scheme. The verlet scheme already scales better, and it is
  compatible with GPUs and other accelerators.


NOTE 2 [file /home/mi/johnwhittake/software/gromacs-510-fcDelta/build/src/programs/mdrun/tests/Testing/Temporary/WithDifferentMdpOptions_CompressedXOutputTest_ExitsNormally_2_input.mdp]:
  You are using a cut-off for VdW interactions with NVE, for good energy
  conservation use vdwtype = Shift (possibly with DispCorr)


NOTE 3 [file /home/mi/johnwhittake/software/gromacs-510-fcDelta/build/src/programs/mdrun/tests/Testing/Temporary/WithDifferentMdpOptions_CompressedXOutputTest_ExitsNormally_2_input.mdp]:
  You are using a cut-off for electrostatics with NVE, for good energy
  conservation use coulombtype = PME-Switch or Reaction-Field-zero

Setting the LD random seed to 4110844905
Generated 330891 of the 330891 non-bonded parameter combinations
Generating 1-4 interactions: fudge = 0.5
Generated 330891 of the 330891 1-4 parameter combinations
Excluding 2 bonded neighbours molecule type 'SOL'
Number of degrees of freedom in T-Coupling group rest is 9.00

NOTE 4 [file /home/mi/johnwhittake/software/gromacs-510-fcDelta/build/src/programs/mdrun/tests/Testing/Temporary/WithDifferentMdpOptions_CompressedXOutputTest_ExitsNormally_2_input.mdp]:
  You are using a plain Coulomb cut-off, which might produce artifacts.
  You might want to consider using PME electrostatics.



There were 4 notes

Running on 1 node with total 4 cores, 4 logical cores
Hardware detected:
  CPU info:
    Vendor: GenuineIntel
    Brand:  Intel(R) Core(TM) i5-4590 CPU @ 3.30GHz
    SIMD instructions most likely to fit this hardware: AVX2_256
    SIMD instructions selected at GROMACS compile time: AVX2_256

Reading file /home/mi/johnwhittake/software/gromacs-510-fcDelta/build/src/programs/mdrun/tests/Testing/Temporary/WithDifferentMdpOptions_CompressedXOutputTest_ExitsNormally_2.tpr, VERSION 5.1 (single precision)
Using 1 MPI thread


NOTE: This file uses the deprecated 'group' cutoff_scheme. This will be
removed in a future release when 'verlet' supports all interaction forms.

starting mdrun 'spc2'
1 steps,      0.0 ps.
Largest charge group radii for Van der Waals: 0.039, 0.039 nm
Largest charge group radii for Coulomb:       0.084, 0.084 nm
This run will generate roughly 0 Mb of data

Writing final coordinates.

               Core t (s)   Wall t (s)        (%)
       Time:        0.001        0.005       19.5
                 (ns/day)    (hour/ns)
Performance:       31.893        0.753
Reading frame       0 time    0.000   
# Atoms  3
Reading frame       1 time    0.001   Last frame          1 time    0.001   


Item        #frames Timestep (ps)
Step             2    0.001
Time             2    0.001
Lambda           0
Coords           2    0.001
Velocities       0
Forces           0
Box              2    0.001
Checking file /home/mi/johnwhittake/software/gromacs-510-fcDelta/build/src/programs/mdrun/tests/Testing/Temporary/WithDifferentMdpOptions_CompressedXOutputTest_ExitsNormally_2.xtc
[       OK ] WithDifferentMdpOptions/CompressedXOutputTest.ExitsNormally/2 (107 ms)
[----------] 3 tests from WithDifferentMdpOptions/CompressedXOutputTest (340 ms total)

[----------] Global test environment tear-down
[==========] 18 tests from 7 test cases ran. (1974 ms total)
[  PASSED  ] 18 tests.
<end of output>
Test time =   2.06 sec
----------------------------------------------------------
Test Passed.
"MdrunTests" end time: Oct 09 15:17 CEST
"MdrunTests" time elapsed: 00:00:02
----------------------------------------------------------

19/19 Testing: MdrunMpiTests
19/19 Test: MdrunMpiTests
Command: "/home/mi/johnwhittake/software/gromacs-510-fcDelta/build/bin/mdrun-mpi-test" "-nt" "2" "--gtest_output=xml:/home/mi/johnwhittake/software/gromacs-510-fcDelta/build/Testing/Temporary/MdrunMpiTests.xml"
Directory: /home/mi/johnwhittake/software/gromacs-510-fcDelta/build/src/programs/mdrun/tests
"MdrunMpiTests" start time: Oct 09 15:17 CEST
Output:
----------------------------------------------------------
[==========] Running 1 test from 1 test case.
[----------] Global test environment set-up.
[----------] 1 test from DomainDecompositionSpecialCasesTest
[ RUN      ] DomainDecompositionSpecialCasesTest.AnEmptyDomainWorks

NOTE 1 [file /home/mi/johnwhittake/software/gromacs-510-fcDelta/build/src/programs/mdrun/tests/Testing/Temporary/DomainDecompositionSpecialCasesTest_AnEmptyDomainWorks_input.mdp]:
  For a correct single-point energy evaluation with nsteps = 0, use
  continuation = yes to avoid constraining the input coordinates.

Setting the LD random seed to 2400161963
Generated 330891 of the 330891 non-bonded parameter combinations
Generating 1-4 interactions: fudge = 0.5
Generated 330891 of the 330891 1-4 parameter combinations
Excluding 2 bonded neighbours molecule type 'SOL'
Removing all charge groups because cutoff-scheme=Verlet
Number of degrees of freedom in T-Coupling group rest is 9.00

NOTE 2 [file /home/mi/johnwhittake/software/gromacs-510-fcDelta/build/src/programs/mdrun/tests/Testing/Temporary/DomainDecompositionSpecialCasesTest_AnEmptyDomainWorks_input.mdp]:
  NVE simulation with an initial temperature of zero: will use a Verlet
  buffer of 10%. Check your energy drift!


NOTE 3 [file /home/mi/johnwhittake/software/gromacs-510-fcDelta/build/src/programs/mdrun/tests/Testing/Temporary/DomainDecompositionSpecialCasesTest_AnEmptyDomainWorks_input.mdp]:
  You are using a plain Coulomb cut-off, which might produce artifacts.
  You might want to consider using PME electrostatics.



There were 3 notes

Running on 1 node with total 4 cores, 4 logical cores
Hardware detected:
  CPU info:
    Vendor: GenuineIntel
    Brand:  Intel(R) Core(TM) i5-4590 CPU @ 3.30GHz
    SIMD instructions most likely to fit this hardware: AVX2_256
    SIMD instructions selected at GROMACS compile time: AVX2_256

Reading file /home/mi/johnwhittake/software/gromacs-510-fcDelta/build/src/programs/mdrun/tests/Testing/Temporary/DomainDecompositionSpecialCasesTest_AnEmptyDomainWorks.tpr, VERSION 5.1 (single precision)
Can not increase nstlist because an NVE ensemble is used

NOTE: Parallelization is limited by the small number of atoms,
      only starting 1 thread-MPI ranks.
      You can use the -nt and/or -ntmpi option to optimize the number of threads.

Using 1 MPI thread
Using 1 OpenMP thread 

starting mdrun 'spc2'
0 steps,      0.0 ps.

               Core t (s)   Wall t (s)        (%)
       Time:        0.000        0.000       99.7
                 (ns/day)    (hour/ns)
Performance:      560.972        0.043
This run will generate roughly 0 Mb of data
[       OK ] DomainDecompositionSpecialCasesTest.AnEmptyDomainWorks (109 ms)
[----------] 1 test from DomainDecompositionSpecialCasesTest (109 ms total)

[----------] Global test environment tear-down
[==========] 1 test from 1 test case ran. (109 ms total)
[  PASSED  ] 1 test.

  YOU HAVE 3 DISABLED TESTS

<end of output>
Test time =   0.14 sec
----------------------------------------------------------
Test Passed.
"MdrunMpiTests" end time: Oct 09 15:17 CEST
"MdrunMpiTests" time elapsed: 00:00:00
----------------------------------------------------------

End testing: Oct 09 15:17 CEST

GTest =   1.80 sec

IntegrationTest =   2.16 sec

MpiIntegrationTest =   0.14 sec

UnitTest =   1.80 sec

